[2020-02-16 19:34:44] local.ERROR: PDOException: SQLSTATE[42000]: Syntax error or access violation: 1064 You have an error in your SQL syntax; check the manual that corresponds to your MySQL server version for the right syntax to use near '']'
) AS ids FROM completed where user_id = ? GROUP BY type' at line 5 in C:\openserv\OSPanel\domains\blog\vendor\illuminate\database\Connection.php:331
Stack trace:
#0 C:\openserv\OSPanel\domains\blog\vendor\illuminate\database\Connection.php(331): PDO->prepare('SELECT type, CO...')
#1 C:\openserv\OSPanel\domains\blog\vendor\illuminate\database\Connection.php(662): Illuminate\Database\Connection->Illuminate\Database\{closure}('SELECT type, CO...', Array)
#2 C:\openserv\OSPanel\domains\blog\vendor\illuminate\database\Connection.php(629): Illuminate\Database\Connection->runQueryCallback('SELECT type, CO...', Array, Object(Closure))
#3 C:\openserv\OSPanel\domains\blog\vendor\illuminate\database\Connection.php(338): Illuminate\Database\Connection->run('SELECT type, CO...', Array, Object(Closure))
#4 C:\openserv\OSPanel\domains\blog\vendor\illuminate\database\DatabaseManager.php(349): Illuminate\Database\Connection->select('SELECT type, CO...', Array)
#5 C:\openserv\OSPanel\domains\blog\vendor\illuminate\support\Facades\Facade.php(261): Illuminate\Database\DatabaseManager->__call('select', Array)
#6 C:\openserv\OSPanel\domains\blog\app\Http\Controllers\StatsController.php(24): Illuminate\Support\Facades\Facade::__callStatic('select', Array)
#7 [internal function]: App\Http\Controllers\StatsController->getStatsByUser()
#8 C:\openserv\OSPanel\domains\blog\vendor\illuminate\container\BoundMethod.php(32): call_user_func_array(Array, Array)
#9 C:\openserv\OSPanel\domains\blog\vendor\illuminate\container\Util.php(36): Illuminate\Container\BoundMethod::Illuminate\Container\{closure}()
#10 C:\openserv\OSPanel\domains\blog\vendor\illuminate\container\BoundMethod.php(90): Illuminate\Container\Util::unwrapIfClosure(Object(Closure))
#11 C:\openserv\OSPanel\domains\blog\vendor\illuminate\container\BoundMethod.php(34): Illuminate\Container\BoundMethod::callBoundMethod(Object(Laravel\Lumen\Application), Array, Object(Closure))
#12 C:\openserv\OSPanel\domains\blog\vendor\illuminate\container\Container.php(590): Illuminate\Container\BoundMethod::call(Object(Laravel\Lumen\Application), Array, Array, NULL)
#13 C:\openserv\OSPanel\domains\blog\vendor\laravel\lumen-framework\src\Concerns\RoutesRequests.php(376): Illuminate\Container\Container->call(Array, Array)
#14 C:\openserv\OSPanel\domains\blog\vendor\laravel\lumen-framework\src\Concerns\RoutesRequests.php(361): Laravel\Lumen\Application->callControllerCallable(Array, Array)
#15 [internal function]: Laravel\Lumen\Application->Laravel\Lumen\Concerns\{closure}(Object(Laravel\Lumen\Http\Request))
#16 C:\openserv\OSPanel\domains\blog\vendor\laravel\lumen-framework\src\Routing\Pipeline.php(52): call_user_func(Object(Closure), Object(Laravel\Lumen\Http\Request))
#17 C:\openserv\OSPanel\domains\blog\app\Http\Middleware\Authenticate.php(42): Laravel\Lumen\Routing\Pipeline->Laravel\Lumen\Routing\{closure}(Object(Laravel\Lumen\Http\Request))
#18 C:\openserv\OSPanel\domains\blog\vendor\illuminate\pipeline\Pipeline.php(171): App\Http\Middleware\Authenticate->handle(Object(Laravel\Lumen\Http\Request), Object(Closure))
#19 [internal function]: Illuminate\Pipeline\Pipeline->Illuminate\Pipeline\{closure}(Object(Laravel\Lumen\Http\Request))
#20 C:\openserv\OSPanel\domains\blog\vendor\laravel\lumen-framework\src\Routing\Pipeline.php(32): call_user_func(Object(Closure), Object(Laravel\Lumen\Http\Request))
#21 C:\openserv\OSPanel\domains\blog\vendor\illuminate\pipeline\Pipeline.php(105): Laravel\Lumen\Routing\Pipeline->Laravel\Lumen\Routing\{closure}(Object(Laravel\Lumen\Http\Request))
#22 C:\openserv\OSPanel\domains\blog\vendor\laravel\lumen-framework\src\Concerns\RoutesRequests.php(413): Illuminate\Pipeline\Pipeline->then(Object(Closure))
#23 C:\openserv\OSPanel\domains\blog\vendor\laravel\lumen-framework\src\Concerns\RoutesRequests.php(362): Laravel\Lumen\Application->sendThroughPipeline(Array, Object(Closure))
#24 C:\openserv\OSPanel\domains\blog\vendor\laravel\lumen-framework\src\Concerns\RoutesRequests.php(338): Laravel\Lumen\Application->callLumenControllerWithMiddleware(Object(App\Http\Controllers\StatsController), 'getStatsByUser', Array, Array)
#25 C:\openserv\OSPanel\domains\blog\vendor\laravel\lumen-framework\src\Concerns\RoutesRequests.php(316): Laravel\Lumen\Application->callLumenController(Object(App\Http\Controllers\StatsController), 'getStatsByUser', Array)
#26 C:\openserv\OSPanel\domains\blog\vendor\laravel\lumen-framework\src\Concerns\RoutesRequests.php(278): Laravel\Lumen\Application->callControllerAction(Array)
#27 C:\openserv\OSPanel\domains\blog\vendor\laravel\lumen-framework\src\Concerns\RoutesRequests.php(263): Laravel\Lumen\Application->callActionOnArrayBasedRoute(Array)
#28 C:\openserv\OSPanel\domains\blog\vendor\laravel\lumen-framework\src\Concerns\RoutesRequests.php(165): Laravel\Lumen\Application->handleFoundRoute(Array)
#29 [internal function]: Laravel\Lumen\Application->Laravel\Lumen\Concerns\{closure}(Object(Laravel\Lumen\Http\Request))
#30 C:\openserv\OSPanel\domains\blog\vendor\laravel\lumen-framework\src\Routing\Pipeline.php(52): call_user_func(Object(Closure), Object(Laravel\Lumen\Http\Request))
#31 C:\openserv\OSPanel\domains\blog\app\Http\Middleware\CorsMiddleWare.php(23): Laravel\Lumen\Routing\Pipeline->Laravel\Lumen\Routing\{closure}(Object(Laravel\Lumen\Http\Request))
#32 C:\openserv\OSPanel\domains\blog\vendor\illuminate\pipeline\Pipeline.php(171): App\Http\Middleware\CorsMiddleware->handle(Object(Laravel\Lumen\Http\Request), Object(Closure))
#33 [internal function]: Illuminate\Pipeline\Pipeline->Illuminate\Pipeline\{closure}(Object(Laravel\Lumen\Http\Request))
#34 C:\openserv\OSPanel\domains\blog\vendor\laravel\lumen-framework\src\Routing\Pipeline.php(32): call_user_func(Object(Closure), Object(Laravel\Lumen\Http\Request))
#35 C:\openserv\OSPanel\domains\blog\vendor\illuminate\pipeline\Pipeline.php(105): Laravel\Lumen\Routing\Pipeline->Laravel\Lumen\Routing\{closure}(Object(Laravel\Lumen\Http\Request))
#36 C:\openserv\OSPanel\domains\blog\vendor\laravel\lumen-framework\src\Concerns\RoutesRequests.php(413): Illuminate\Pipeline\Pipeline->then(Object(Closure))
#37 C:\openserv\OSPanel\domains\blog\vendor\laravel\lumen-framework\src\Concerns\RoutesRequests.php(171): Laravel\Lumen\Application->sendThroughPipeline(Array, Object(Closure))
#38 C:\openserv\OSPanel\domains\blog\vendor\laravel\lumen-framework\src\Concerns\RoutesRequests.php(108): Laravel\Lumen\Application->dispatch(NULL)
#39 C:\openserv\OSPanel\domains\blog\public\index.php(28): Laravel\Lumen\Application->run()
#40 {main}

Next Illuminate\Database\QueryException: SQLSTATE[42000]: Syntax error or access violation: 1064 You have an error in your SQL syntax; check the manual that corresponds to your MySQL server version for the right syntax to use near '']'
) AS ids FROM completed where user_id = ? GROUP BY type' at line 5 (SQL: SELECT type, COUNT(*) as count, CONCAT(
  '[',
  GROUP_CONCAT(
    GROUP_CONCAT(id)
  ']'
) AS ids FROM completed where user_id = 3 GROUP BY type) in C:\openserv\OSPanel\domains\blog\vendor\illuminate\database\Connection.php:669
Stack trace:
#0 C:\openserv\OSPanel\domains\blog\vendor\illuminate\database\Connection.php(629): Illuminate\Database\Connection->runQueryCallback('SELECT type, CO...', Array, Object(Closure))
#1 C:\openserv\OSPanel\domains\blog\vendor\illuminate\database\Connection.php(338): Illuminate\Database\Connection->run('SELECT type, CO...', Array, Object(Closure))
#2 C:\openserv\OSPanel\domains\blog\vendor\illuminate\database\DatabaseManager.php(349): Illuminate\Database\Connection->select('SELECT type, CO...', Array)
#3 C:\openserv\OSPanel\domains\blog\vendor\illuminate\support\Facades\Facade.php(261): Illuminate\Database\DatabaseManager->__call('select', Array)
#4 C:\openserv\OSPanel\domains\blog\app\Http\Controllers\StatsController.php(24): Illuminate\Support\Facades\Facade::__callStatic('select', Array)
#5 [internal function]: App\Http\Controllers\StatsController->getStatsByUser()
#6 C:\openserv\OSPanel\domains\blog\vendor\illuminate\container\BoundMethod.php(32): call_user_func_array(Array, Array)
#7 C:\openserv\OSPanel\domains\blog\vendor\illuminate\container\Util.php(36): Illuminate\Container\BoundMethod::Illuminate\Container\{closure}()
#8 C:\openserv\OSPanel\domains\blog\vendor\illuminate\container\BoundMethod.php(90): Illuminate\Container\Util::unwrapIfClosure(Object(Closure))
#9 C:\openserv\OSPanel\domains\blog\vendor\illuminate\container\BoundMethod.php(34): Illuminate\Container\BoundMethod::callBoundMethod(Object(Laravel\Lumen\Application), Array, Object(Closure))
#10 C:\openserv\OSPanel\domains\blog\vendor\illuminate\container\Container.php(590): Illuminate\Container\BoundMethod::call(Object(Laravel\Lumen\Application), Array, Array, NULL)
#11 C:\openserv\OSPanel\domains\blog\vendor\laravel\lumen-framework\src\Concerns\RoutesRequests.php(376): Illuminate\Container\Container->call(Array, Array)
#12 C:\openserv\OSPanel\domains\blog\vendor\laravel\lumen-framework\src\Concerns\RoutesRequests.php(361): Laravel\Lumen\Application->callControllerCallable(Array, Array)
#13 [internal function]: Laravel\Lumen\Application->Laravel\Lumen\Concerns\{closure}(Object(Laravel\Lumen\Http\Request))
#14 C:\openserv\OSPanel\domains\blog\vendor\laravel\lumen-framework\src\Routing\Pipeline.php(52): call_user_func(Object(Closure), Object(Laravel\Lumen\Http\Request))
#15 C:\openserv\OSPanel\domains\blog\app\Http\Middleware\Authenticate.php(42): Laravel\Lumen\Routing\Pipeline->Laravel\Lumen\Routing\{closure}(Object(Laravel\Lumen\Http\Request))
#16 C:\openserv\OSPanel\domains\blog\vendor\illuminate\pipeline\Pipeline.php(171): App\Http\Middleware\Authenticate->handle(Object(Laravel\Lumen\Http\Request), Object(Closure))
#17 [internal function]: Illuminate\Pipeline\Pipeline->Illuminate\Pipeline\{closure}(Object(Laravel\Lumen\Http\Request))
#18 C:\openserv\OSPanel\domains\blog\vendor\laravel\lumen-framework\src\Routing\Pipeline.php(32): call_user_func(Object(Closure), Object(Laravel\Lumen\Http\Request))
#19 C:\openserv\OSPanel\domains\blog\vendor\illuminate\pipeline\Pipeline.php(105): Laravel\Lumen\Routing\Pipeline->Laravel\Lumen\Routing\{closure}(Object(Laravel\Lumen\Http\Request))
#20 C:\openserv\OSPanel\domains\blog\vendor\laravel\lumen-framework\src\Concerns\RoutesRequests.php(413): Illuminate\Pipeline\Pipeline->then(Object(Closure))
#21 C:\openserv\OSPanel\domains\blog\vendor\laravel\lumen-framework\src\Concerns\RoutesRequests.php(362): Laravel\Lumen\Application->sendThroughPipeline(Array, Object(Closure))
#22 C:\openserv\OSPanel\domains\blog\vendor\laravel\lumen-framework\src\Concerns\RoutesRequests.php(338): Laravel\Lumen\Application->callLumenControllerWithMiddleware(Object(App\Http\Controllers\StatsController), 'getStatsByUser', Array, Array)
#23 C:\openserv\OSPanel\domains\blog\vendor\laravel\lumen-framework\src\Concerns\RoutesRequests.php(316): Laravel\Lumen\Application->callLumenController(Object(App\Http\Controllers\StatsController), 'getStatsByUser', Array)
#24 C:\openserv\OSPanel\domains\blog\vendor\laravel\lumen-framework\src\Concerns\RoutesRequests.php(278): Laravel\Lumen\Application->callControllerAction(Array)
#25 C:\openserv\OSPanel\domains\blog\vendor\laravel\lumen-framework\src\Concerns\RoutesRequests.php(263): Laravel\Lumen\Application->callActionOnArrayBasedRoute(Array)
#26 C:\openserv\OSPanel\domains\blog\vendor\laravel\lumen-framework\src\Concerns\RoutesRequests.php(165): Laravel\Lumen\Application->handleFoundRoute(Array)
#27 [internal function]: Laravel\Lumen\Application->Laravel\Lumen\Concerns\{closure}(Object(Laravel\Lumen\Http\Request))
#28 C:\openserv\OSPanel\domains\blog\vendor\laravel\lumen-framework\src\Routing\Pipeline.php(52): call_user_func(Object(Closure), Object(Laravel\Lumen\Http\Request))
#29 C:\openserv\OSPanel\domains\blog\app\Http\Middleware\CorsMiddleWare.php(23): Laravel\Lumen\Routing\Pipeline->Laravel\Lumen\Routing\{closure}(Object(Laravel\Lumen\Http\Request))
#30 C:\openserv\OSPanel\domains\blog\vendor\illuminate\pipeline\Pipeline.php(171): App\Http\Middleware\CorsMiddleware->handle(Object(Laravel\Lumen\Http\Request), Object(Closure))
#31 [internal function]: Illuminate\Pipeline\Pipeline->Illuminate\Pipeline\{closure}(Object(Laravel\Lumen\Http\Request))
#32 C:\openserv\OSPanel\domains\blog\vendor\laravel\lumen-framework\src\Routing\Pipeline.php(32): call_user_func(Object(Closure), Object(Laravel\Lumen\Http\Request))
#33 C:\openserv\OSPanel\domains\blog\vendor\illuminate\pipeline\Pipeline.php(105): Laravel\Lumen\Routing\Pipeline->Laravel\Lumen\Routing\{closure}(Object(Laravel\Lumen\Http\Request))
#34 C:\openserv\OSPanel\domains\blog\vendor\laravel\lumen-framework\src\Concerns\RoutesRequests.php(413): Illuminate\Pipeline\Pipeline->then(Object(Closure))
#35 C:\openserv\OSPanel\domains\blog\vendor\laravel\lumen-framework\src\Concerns\RoutesRequests.php(171): Laravel\Lumen\Application->sendThroughPipeline(Array, Object(Closure))
#36 C:\openserv\OSPanel\domains\blog\vendor\laravel\lumen-framework\src\Concerns\RoutesRequests.php(108): Laravel\Lumen\Application->dispatch(NULL)
#37 C:\openserv\OSPanel\domains\blog\public\index.php(28): Laravel\Lumen\Application->run()
#38 {main} {"exception":"[object] (Illuminate\\Database\\QueryException(code: 42000): SQLSTATE[42000]: Syntax error or access violation: 1064 You have an error in your SQL syntax; check the manual that corresponds to your MySQL server version for the right syntax to use near '']'
) AS ids FROM completed where user_id = ? GROUP BY type' at line 5 (SQL: SELECT type, COUNT(*) as count, CONCAT(
  '[',
  GROUP_CONCAT(
    GROUP_CONCAT(id)
  ']'
) AS ids FROM completed where user_id = 3 GROUP BY type) at C:\\openserv\\OSPanel\\domains\\blog\\vendor\\illuminate\\database\\Connection.php:669)
[stacktrace]
#0 C:\\openserv\\OSPanel\\domains\\blog\\vendor\\illuminate\\database\\Connection.php(629): Illuminate\\Database\\Connection->runQueryCallback('SELECT type, CO...', Array, Object(Closure))
#1 C:\\openserv\\OSPanel\\domains\\blog\\vendor\\illuminate\\database\\Connection.php(338): Illuminate\\Database\\Connection->run('SELECT type, CO...', Array, Object(Closure))
#2 C:\\openserv\\OSPanel\\domains\\blog\\vendor\\illuminate\\database\\DatabaseManager.php(349): Illuminate\\Database\\Connection->select('SELECT type, CO...', Array)
#3 C:\\openserv\\OSPanel\\domains\\blog\\vendor\\illuminate\\support\\Facades\\Facade.php(261): Illuminate\\Database\\DatabaseManager->__call('select', Array)
#4 C:\\openserv\\OSPanel\\domains\\blog\\app\\Http\\Controllers\\StatsController.php(24): Illuminate\\Support\\Facades\\Facade::__callStatic('select', Array)
#5 [internal function]: App\\Http\\Controllers\\StatsController->getStatsByUser()
#6 C:\\openserv\\OSPanel\\domains\\blog\\vendor\\illuminate\\container\\BoundMethod.php(32): call_user_func_array(Array, Array)
#7 C:\\openserv\\OSPanel\\domains\\blog\\vendor\\illuminate\\container\\Util.php(36): Illuminate\\Container\\BoundMethod::Illuminate\\Container\\{closure}()
#8 C:\\openserv\\OSPanel\\domains\\blog\\vendor\\illuminate\\container\\BoundMethod.php(90): Illuminate\\Container\\Util::unwrapIfClosure(Object(Closure))
#9 C:\\openserv\\OSPanel\\domains\\blog\\vendor\\illuminate\\container\\BoundMethod.php(34): Illuminate\\Container\\BoundMethod::callBoundMethod(Object(Laravel\\Lumen\\Application), Array, Object(Closure))
#10 C:\\openserv\\OSPanel\\domains\\blog\\vendor\\illuminate\\container\\Container.php(590): Illuminate\\Container\\BoundMethod::call(Object(Laravel\\Lumen\\Application), Array, Array, NULL)
#11 C:\\openserv\\OSPanel\\domains\\blog\\vendor\\laravel\\lumen-framework\\src\\Concerns\\RoutesRequests.php(376): Illuminate\\Container\\Container->call(Array, Array)
#12 C:\\openserv\\OSPanel\\domains\\blog\\vendor\\laravel\\lumen-framework\\src\\Concerns\\RoutesRequests.php(361): Laravel\\Lumen\\Application->callControllerCallable(Array, Array)
#13 [internal function]: Laravel\\Lumen\\Application->Laravel\\Lumen\\Concerns\\{closure}(Object(Laravel\\Lumen\\Http\\Request))
#14 C:\\openserv\\OSPanel\\domains\\blog\\vendor\\laravel\\lumen-framework\\src\\Routing\\Pipeline.php(52): call_user_func(Object(Closure), Object(Laravel\\Lumen\\Http\\Request))
#15 C:\\openserv\\OSPanel\\domains\\blog\\app\\Http\\Middleware\\Authenticate.php(42): Laravel\\Lumen\\Routing\\Pipeline->Laravel\\Lumen\\Routing\\{closure}(Object(Laravel\\Lumen\\Http\\Request))
#16 C:\\openserv\\OSPanel\\domains\\blog\\vendor\\illuminate\\pipeline\\Pipeline.php(171): App\\Http\\Middleware\\Authenticate->handle(Object(Laravel\\Lumen\\Http\\Request), Object(Closure))
#17 [internal function]: Illuminate\\Pipeline\\Pipeline->Illuminate\\Pipeline\\{closure}(Object(Laravel\\Lumen\\Http\\Request))
#18 C:\\openserv\\OSPanel\\domains\\blog\\vendor\\laravel\\lumen-framework\\src\\Routing\\Pipeline.php(32): call_user_func(Object(Closure), Object(Laravel\\Lumen\\Http\\Request))
#19 C:\\openserv\\OSPanel\\domains\\blog\\vendor\\illuminate\\pipeline\\Pipeline.php(105): Laravel\\Lumen\\Routing\\Pipeline->Laravel\\Lumen\\Routing\\{closure}(Object(Laravel\\Lumen\\Http\\Request))
#20 C:\\openserv\\OSPanel\\domains\\blog\\vendor\\laravel\\lumen-framework\\src\\Concerns\\RoutesRequests.php(413): Illuminate\\Pipeline\\Pipeline->then(Object(Closure))
#21 C:\\openserv\\OSPanel\\domains\\blog\\vendor\\laravel\\lumen-framework\\src\\Concerns\\RoutesRequests.php(362): Laravel\\Lumen\\Application->sendThroughPipeline(Array, Object(Closure))
#22 C:\\openserv\\OSPanel\\domains\\blog\\vendor\\laravel\\lumen-framework\\src\\Concerns\\RoutesRequests.php(338): Laravel\\Lumen\\Application->callLumenControllerWithMiddleware(Object(App\\Http\\Controllers\\StatsController), 'getStatsByUser', Array, Array)
#23 C:\\openserv\\OSPanel\\domains\\blog\\vendor\\laravel\\lumen-framework\\src\\Concerns\\RoutesRequests.php(316): Laravel\\Lumen\\Application->callLumenController(Object(App\\Http\\Controllers\\StatsController), 'getStatsByUser', Array)
#24 C:\\openserv\\OSPanel\\domains\\blog\\vendor\\laravel\\lumen-framework\\src\\Concerns\\RoutesRequests.php(278): Laravel\\Lumen\\Application->callControllerAction(Array)
#25 C:\\openserv\\OSPanel\\domains\\blog\\vendor\\laravel\\lumen-framework\\src\\Concerns\\RoutesRequests.php(263): Laravel\\Lumen\\Application->callActionOnArrayBasedRoute(Array)
#26 C:\\openserv\\OSPanel\\domains\\blog\\vendor\\laravel\\lumen-framework\\src\\Concerns\\RoutesRequests.php(165): Laravel\\Lumen\\Application->handleFoundRoute(Array)
#27 [internal function]: Laravel\\Lumen\\Application->Laravel\\Lumen\\Concerns\\{closure}(Object(Laravel\\Lumen\\Http\\Request))
#28 C:\\openserv\\OSPanel\\domains\\blog\\vendor\\laravel\\lumen-framework\\src\\Routing\\Pipeline.php(52): call_user_func(Object(Closure), Object(Laravel\\Lumen\\Http\\Request))
#29 C:\\openserv\\OSPanel\\domains\\blog\\app\\Http\\Middleware\\CorsMiddleWare.php(23): Laravel\\Lumen\\Routing\\Pipeline->Laravel\\Lumen\\Routing\\{closure}(Object(Laravel\\Lumen\\Http\\Request))
#30 C:\\openserv\\OSPanel\\domains\\blog\\vendor\\illuminate\\pipeline\\Pipeline.php(171): App\\Http\\Middleware\\CorsMiddleware->handle(Object(Laravel\\Lumen\\Http\\Request), Object(Closure))
#31 [internal function]: Illuminate\\Pipeline\\Pipeline->Illuminate\\Pipeline\\{closure}(Object(Laravel\\Lumen\\Http\\Request))
#32 C:\\openserv\\OSPanel\\domains\\blog\\vendor\\laravel\\lumen-framework\\src\\Routing\\Pipeline.php(32): call_user_func(Object(Closure), Object(Laravel\\Lumen\\Http\\Request))
#33 C:\\openserv\\OSPanel\\domains\\blog\\vendor\\illuminate\\pipeline\\Pipeline.php(105): Laravel\\Lumen\\Routing\\Pipeline->Laravel\\Lumen\\Routing\\{closure}(Object(Laravel\\Lumen\\Http\\Request))
#34 C:\\openserv\\OSPanel\\domains\\blog\\vendor\\laravel\\lumen-framework\\src\\Concerns\\RoutesRequests.php(413): Illuminate\\Pipeline\\Pipeline->then(Object(Closure))
#35 C:\\openserv\\OSPanel\\domains\\blog\\vendor\\laravel\\lumen-framework\\src\\Concerns\\RoutesRequests.php(171): Laravel\\Lumen\\Application->sendThroughPipeline(Array, Object(Closure))
#36 C:\\openserv\\OSPanel\\domains\\blog\\vendor\\laravel\\lumen-framework\\src\\Concerns\\RoutesRequests.php(108): Laravel\\Lumen\\Application->dispatch(NULL)
#37 C:\\openserv\\OSPanel\\domains\\blog\\public\\index.php(28): Laravel\\Lumen\\Application->run()
#38 {main}

[previous exception] [object] (PDOException(code: 42000): SQLSTATE[42000]: Syntax error or access violation: 1064 You have an error in your SQL syntax; check the manual that corresponds to your MySQL server version for the right syntax to use near '']'
) AS ids FROM completed where user_id = ? GROUP BY type' at line 5 at C:\\openserv\\OSPanel\\domains\\blog\\vendor\\illuminate\\database\\Connection.php:331)
[stacktrace]
#0 C:\\openserv\\OSPanel\\domains\\blog\\vendor\\illuminate\\database\\Connection.php(331): PDO->prepare('SELECT type, CO...')
#1 C:\\openserv\\OSPanel\\domains\\blog\\vendor\\illuminate\\database\\Connection.php(662): Illuminate\\Database\\Connection->Illuminate\\Database\\{closure}('SELECT type, CO...', Array)
#2 C:\\openserv\\OSPanel\\domains\\blog\\vendor\\illuminate\\database\\Connection.php(629): Illuminate\\Database\\Connection->runQueryCallback('SELECT type, CO...', Array, Object(Closure))
#3 C:\\openserv\\OSPanel\\domains\\blog\\vendor\\illuminate\\database\\Connection.php(338): Illuminate\\Database\\Connection->run('SELECT type, CO...', Array, Object(Closure))
#4 C:\\openserv\\OSPanel\\domains\\blog\\vendor\\illuminate\\database\\DatabaseManager.php(349): Illuminate\\Database\\Connection->select('SELECT type, CO...', Array)
#5 C:\\openserv\\OSPanel\\domains\\blog\\vendor\\illuminate\\support\\Facades\\Facade.php(261): Illuminate\\Database\\DatabaseManager->__call('select', Array)
#6 C:\\openserv\\OSPanel\\domains\\blog\\app\\Http\\Controllers\\StatsController.php(24): Illuminate\\Support\\Facades\\Facade::__callStatic('select', Array)
#7 [internal function]: App\\Http\\Controllers\\StatsController->getStatsByUser()
#8 C:\\openserv\\OSPanel\\domains\\blog\\vendor\\illuminate\\container\\BoundMethod.php(32): call_user_func_array(Array, Array)
#9 C:\\openserv\\OSPanel\\domains\\blog\\vendor\\illuminate\\container\\Util.php(36): Illuminate\\Container\\BoundMethod::Illuminate\\Container\\{closure}()
#10 C:\\openserv\\OSPanel\\domains\\blog\\vendor\\illuminate\\container\\BoundMethod.php(90): Illuminate\\Container\\Util::unwrapIfClosure(Object(Closure))
#11 C:\\openserv\\OSPanel\\domains\\blog\\vendor\\illuminate\\container\\BoundMethod.php(34): Illuminate\\Container\\BoundMethod::callBoundMethod(Object(Laravel\\Lumen\\Application), Array, Object(Closure))
#12 C:\\openserv\\OSPanel\\domains\\blog\\vendor\\illuminate\\container\\Container.php(590): Illuminate\\Container\\BoundMethod::call(Object(Laravel\\Lumen\\Application), Array, Array, NULL)
#13 C:\\openserv\\OSPanel\\domains\\blog\\vendor\\laravel\\lumen-framework\\src\\Concerns\\RoutesRequests.php(376): Illuminate\\Container\\Container->call(Array, Array)
#14 C:\\openserv\\OSPanel\\domains\\blog\\vendor\\laravel\\lumen-framework\\src\\Concerns\\RoutesRequests.php(361): Laravel\\Lumen\\Application->callControllerCallable(Array, Array)
#15 [internal function]: Laravel\\Lumen\\Application->Laravel\\Lumen\\Concerns\\{closure}(Object(Laravel\\Lumen\\Http\\Request))
#16 C:\\openserv\\OSPanel\\domains\\blog\\vendor\\laravel\\lumen-framework\\src\\Routing\\Pipeline.php(52): call_user_func(Object(Closure), Object(Laravel\\Lumen\\Http\\Request))
#17 C:\\openserv\\OSPanel\\domains\\blog\\app\\Http\\Middleware\\Authenticate.php(42): Laravel\\Lumen\\Routing\\Pipeline->Laravel\\Lumen\\Routing\\{closure}(Object(Laravel\\Lumen\\Http\\Request))
#18 C:\\openserv\\OSPanel\\domains\\blog\\vendor\\illuminate\\pipeline\\Pipeline.php(171): App\\Http\\Middleware\\Authenticate->handle(Object(Laravel\\Lumen\\Http\\Request), Object(Closure))
#19 [internal function]: Illuminate\\Pipeline\\Pipeline->Illuminate\\Pipeline\\{closure}(Object(Laravel\\Lumen\\Http\\Request))
#20 C:\\openserv\\OSPanel\\domains\\blog\\vendor\\laravel\\lumen-framework\\src\\Routing\\Pipeline.php(32): call_user_func(Object(Closure), Object(Laravel\\Lumen\\Http\\Request))
#21 C:\\openserv\\OSPanel\\domains\\blog\\vendor\\illuminate\\pipeline\\Pipeline.php(105): Laravel\\Lumen\\Routing\\Pipeline->Laravel\\Lumen\\Routing\\{closure}(Object(Laravel\\Lumen\\Http\\Request))
#22 C:\\openserv\\OSPanel\\domains\\blog\\vendor\\laravel\\lumen-framework\\src\\Concerns\\RoutesRequests.php(413): Illuminate\\Pipeline\\Pipeline->then(Object(Closure))
#23 C:\\openserv\\OSPanel\\domains\\blog\\vendor\\laravel\\lumen-framework\\src\\Concerns\\RoutesRequests.php(362): Laravel\\Lumen\\Application->sendThroughPipeline(Array, Object(Closure))
#24 C:\\openserv\\OSPanel\\domains\\blog\\vendor\\laravel\\lumen-framework\\src\\Concerns\\RoutesRequests.php(338): Laravel\\Lumen\\Application->callLumenControllerWithMiddleware(Object(App\\Http\\Controllers\\StatsController), 'getStatsByUser', Array, Array)
#25 C:\\openserv\\OSPanel\\domains\\blog\\vendor\\laravel\\lumen-framework\\src\\Concerns\\RoutesRequests.php(316): Laravel\\Lumen\\Application->callLumenController(Object(App\\Http\\Controllers\\StatsController), 'getStatsByUser', Array)
#26 C:\\openserv\\OSPanel\\domains\\blog\\vendor\\laravel\\lumen-framework\\src\\Concerns\\RoutesRequests.php(278): Laravel\\Lumen\\Application->callControllerAction(Array)
#27 C:\\openserv\\OSPanel\\domains\\blog\\vendor\\laravel\\lumen-framework\\src\\Concerns\\RoutesRequests.php(263): Laravel\\Lumen\\Application->callActionOnArrayBasedRoute(Array)
#28 C:\\openserv\\OSPanel\\domains\\blog\\vendor\\laravel\\lumen-framework\\src\\Concerns\\RoutesRequests.php(165): Laravel\\Lumen\\Application->handleFoundRoute(Array)
#29 [internal function]: Laravel\\Lumen\\Application->Laravel\\Lumen\\Concerns\\{closure}(Object(Laravel\\Lumen\\Http\\Request))
#30 C:\\openserv\\OSPanel\\domains\\blog\\vendor\\laravel\\lumen-framework\\src\\Routing\\Pipeline.php(52): call_user_func(Object(Closure), Object(Laravel\\Lumen\\Http\\Request))
#31 C:\\openserv\\OSPanel\\domains\\blog\\app\\Http\\Middleware\\CorsMiddleWare.php(23): Laravel\\Lumen\\Routing\\Pipeline->Laravel\\Lumen\\Routing\\{closure}(Object(Laravel\\Lumen\\Http\\Request))
#32 C:\\openserv\\OSPanel\\domains\\blog\\vendor\\illuminate\\pipeline\\Pipeline.php(171): App\\Http\\Middleware\\CorsMiddleware->handle(Object(Laravel\\Lumen\\Http\\Request), Object(Closure))
#33 [internal function]: Illuminate\\Pipeline\\Pipeline->Illuminate\\Pipeline\\{closure}(Object(Laravel\\Lumen\\Http\\Request))
#34 C:\\openserv\\OSPanel\\domains\\blog\\vendor\\laravel\\lumen-framework\\src\\Routing\\Pipeline.php(32): call_user_func(Object(Closure), Object(Laravel\\Lumen\\Http\\Request))
#35 C:\\openserv\\OSPanel\\domains\\blog\\vendor\\illuminate\\pipeline\\Pipeline.php(105): Laravel\\Lumen\\Routing\\Pipeline->Laravel\\Lumen\\Routing\\{closure}(Object(Laravel\\Lumen\\Http\\Request))
#36 C:\\openserv\\OSPanel\\domains\\blog\\vendor\\laravel\\lumen-framework\\src\\Concerns\\RoutesRequests.php(413): Illuminate\\Pipeline\\Pipeline->then(Object(Closure))
#37 C:\\openserv\\OSPanel\\domains\\blog\\vendor\\laravel\\lumen-framework\\src\\Concerns\\RoutesRequests.php(171): Laravel\\Lumen\\Application->sendThroughPipeline(Array, Object(Closure))
#38 C:\\openserv\\OSPanel\\domains\\blog\\vendor\\laravel\\lumen-framework\\src\\Concerns\\RoutesRequests.php(108): Laravel\\Lumen\\Application->dispatch(NULL)
#39 C:\\openserv\\OSPanel\\domains\\blog\\public\\index.php(28): Laravel\\Lumen\\Application->run()
#40 {main}
"} 
[2020-02-16 19:40:08] local.ERROR: PDOException: SQLSTATE[HY000]: General error: 1111 Invalid use of group function in C:\openserv\OSPanel\domains\blog\vendor\illuminate\database\Connection.php:331
Stack trace:
#0 C:\openserv\OSPanel\domains\blog\vendor\illuminate\database\Connection.php(331): PDO->prepare('SELECT type, CO...')
#1 C:\openserv\OSPanel\domains\blog\vendor\illuminate\database\Connection.php(662): Illuminate\Database\Connection->Illuminate\Database\{closure}('SELECT type, CO...', Array)
#2 C:\openserv\OSPanel\domains\blog\vendor\illuminate\database\Connection.php(629): Illuminate\Database\Connection->runQueryCallback('SELECT type, CO...', Array, Object(Closure))
#3 C:\openserv\OSPanel\domains\blog\vendor\illuminate\database\Connection.php(338): Illuminate\Database\Connection->run('SELECT type, CO...', Array, Object(Closure))
#4 C:\openserv\OSPanel\domains\blog\vendor\illuminate\database\DatabaseManager.php(349): Illuminate\Database\Connection->select('SELECT type, CO...', Array)
#5 C:\openserv\OSPanel\domains\blog\vendor\illuminate\support\Facades\Facade.php(261): Illuminate\Database\DatabaseManager->__call('select', Array)
#6 C:\openserv\OSPanel\domains\blog\app\Http\Controllers\StatsController.php(19): Illuminate\Support\Facades\Facade::__callStatic('select', Array)
#7 [internal function]: App\Http\Controllers\StatsController->getStatsByUser()
#8 C:\openserv\OSPanel\domains\blog\vendor\illuminate\container\BoundMethod.php(32): call_user_func_array(Array, Array)
#9 C:\openserv\OSPanel\domains\blog\vendor\illuminate\container\Util.php(36): Illuminate\Container\BoundMethod::Illuminate\Container\{closure}()
#10 C:\openserv\OSPanel\domains\blog\vendor\illuminate\container\BoundMethod.php(90): Illuminate\Container\Util::unwrapIfClosure(Object(Closure))
#11 C:\openserv\OSPanel\domains\blog\vendor\illuminate\container\BoundMethod.php(34): Illuminate\Container\BoundMethod::callBoundMethod(Object(Laravel\Lumen\Application), Array, Object(Closure))
#12 C:\openserv\OSPanel\domains\blog\vendor\illuminate\container\Container.php(590): Illuminate\Container\BoundMethod::call(Object(Laravel\Lumen\Application), Array, Array, NULL)
#13 C:\openserv\OSPanel\domains\blog\vendor\laravel\lumen-framework\src\Concerns\RoutesRequests.php(376): Illuminate\Container\Container->call(Array, Array)
#14 C:\openserv\OSPanel\domains\blog\vendor\laravel\lumen-framework\src\Concerns\RoutesRequests.php(361): Laravel\Lumen\Application->callControllerCallable(Array, Array)
#15 [internal function]: Laravel\Lumen\Application->Laravel\Lumen\Concerns\{closure}(Object(Laravel\Lumen\Http\Request))
#16 C:\openserv\OSPanel\domains\blog\vendor\laravel\lumen-framework\src\Routing\Pipeline.php(52): call_user_func(Object(Closure), Object(Laravel\Lumen\Http\Request))
#17 C:\openserv\OSPanel\domains\blog\app\Http\Middleware\Authenticate.php(42): Laravel\Lumen\Routing\Pipeline->Laravel\Lumen\Routing\{closure}(Object(Laravel\Lumen\Http\Request))
#18 C:\openserv\OSPanel\domains\blog\vendor\illuminate\pipeline\Pipeline.php(171): App\Http\Middleware\Authenticate->handle(Object(Laravel\Lumen\Http\Request), Object(Closure))
#19 [internal function]: Illuminate\Pipeline\Pipeline->Illuminate\Pipeline\{closure}(Object(Laravel\Lumen\Http\Request))
#20 C:\openserv\OSPanel\domains\blog\vendor\laravel\lumen-framework\src\Routing\Pipeline.php(32): call_user_func(Object(Closure), Object(Laravel\Lumen\Http\Request))
#21 C:\openserv\OSPanel\domains\blog\vendor\illuminate\pipeline\Pipeline.php(105): Laravel\Lumen\Routing\Pipeline->Laravel\Lumen\Routing\{closure}(Object(Laravel\Lumen\Http\Request))
#22 C:\openserv\OSPanel\domains\blog\vendor\laravel\lumen-framework\src\Concerns\RoutesRequests.php(413): Illuminate\Pipeline\Pipeline->then(Object(Closure))
#23 C:\openserv\OSPanel\domains\blog\vendor\laravel\lumen-framework\src\Concerns\RoutesRequests.php(362): Laravel\Lumen\Application->sendThroughPipeline(Array, Object(Closure))
#24 C:\openserv\OSPanel\domains\blog\vendor\laravel\lumen-framework\src\Concerns\RoutesRequests.php(338): Laravel\Lumen\Application->callLumenControllerWithMiddleware(Object(App\Http\Controllers\StatsController), 'getStatsByUser', Array, Array)
#25 C:\openserv\OSPanel\domains\blog\vendor\laravel\lumen-framework\src\Concerns\RoutesRequests.php(316): Laravel\Lumen\Application->callLumenController(Object(App\Http\Controllers\StatsController), 'getStatsByUser', Array)
#26 C:\openserv\OSPanel\domains\blog\vendor\laravel\lumen-framework\src\Concerns\RoutesRequests.php(278): Laravel\Lumen\Application->callControllerAction(Array)
#27 C:\openserv\OSPanel\domains\blog\vendor\laravel\lumen-framework\src\Concerns\RoutesRequests.php(263): Laravel\Lumen\Application->callActionOnArrayBasedRoute(Array)
#28 C:\openserv\OSPanel\domains\blog\vendor\laravel\lumen-framework\src\Concerns\RoutesRequests.php(165): Laravel\Lumen\Application->handleFoundRoute(Array)
#29 [internal function]: Laravel\Lumen\Application->Laravel\Lumen\Concerns\{closure}(Object(Laravel\Lumen\Http\Request))
#30 C:\openserv\OSPanel\domains\blog\vendor\laravel\lumen-framework\src\Routing\Pipeline.php(52): call_user_func(Object(Closure), Object(Laravel\Lumen\Http\Request))
#31 C:\openserv\OSPanel\domains\blog\app\Http\Middleware\CorsMiddleWare.php(23): Laravel\Lumen\Routing\Pipeline->Laravel\Lumen\Routing\{closure}(Object(Laravel\Lumen\Http\Request))
#32 C:\openserv\OSPanel\domains\blog\vendor\illuminate\pipeline\Pipeline.php(171): App\Http\Middleware\CorsMiddleware->handle(Object(Laravel\Lumen\Http\Request), Object(Closure))
#33 [internal function]: Illuminate\Pipeline\Pipeline->Illuminate\Pipeline\{closure}(Object(Laravel\Lumen\Http\Request))
#34 C:\openserv\OSPanel\domains\blog\vendor\laravel\lumen-framework\src\Routing\Pipeline.php(32): call_user_func(Object(Closure), Object(Laravel\Lumen\Http\Request))
#35 C:\openserv\OSPanel\domains\blog\vendor\illuminate\pipeline\Pipeline.php(105): Laravel\Lumen\Routing\Pipeline->Laravel\Lumen\Routing\{closure}(Object(Laravel\Lumen\Http\Request))
#36 C:\openserv\OSPanel\domains\blog\vendor\laravel\lumen-framework\src\Concerns\RoutesRequests.php(413): Illuminate\Pipeline\Pipeline->then(Object(Closure))
#37 C:\openserv\OSPanel\domains\blog\vendor\laravel\lumen-framework\src\Concerns\RoutesRequests.php(171): Laravel\Lumen\Application->sendThroughPipeline(Array, Object(Closure))
#38 C:\openserv\OSPanel\domains\blog\vendor\laravel\lumen-framework\src\Concerns\RoutesRequests.php(108): Laravel\Lumen\Application->dispatch(NULL)
#39 C:\openserv\OSPanel\domains\blog\public\index.php(28): Laravel\Lumen\Application->run()
#40 {main}

Next Illuminate\Database\QueryException: SQLSTATE[HY000]: General error: 1111 Invalid use of group function (SQL: SELECT type, COUNT(*) as count, JSON_ARRAYAGG(group_concat(id)) as ids FROM completed where user_id = 3 GROUP BY type) in C:\openserv\OSPanel\domains\blog\vendor\illuminate\database\Connection.php:669
Stack trace:
#0 C:\openserv\OSPanel\domains\blog\vendor\illuminate\database\Connection.php(629): Illuminate\Database\Connection->runQueryCallback('SELECT type, CO...', Array, Object(Closure))
#1 C:\openserv\OSPanel\domains\blog\vendor\illuminate\database\Connection.php(338): Illuminate\Database\Connection->run('SELECT type, CO...', Array, Object(Closure))
#2 C:\openserv\OSPanel\domains\blog\vendor\illuminate\database\DatabaseManager.php(349): Illuminate\Database\Connection->select('SELECT type, CO...', Array)
#3 C:\openserv\OSPanel\domains\blog\vendor\illuminate\support\Facades\Facade.php(261): Illuminate\Database\DatabaseManager->__call('select', Array)
#4 C:\openserv\OSPanel\domains\blog\app\Http\Controllers\StatsController.php(19): Illuminate\Support\Facades\Facade::__callStatic('select', Array)
#5 [internal function]: App\Http\Controllers\StatsController->getStatsByUser()
#6 C:\openserv\OSPanel\domains\blog\vendor\illuminate\container\BoundMethod.php(32): call_user_func_array(Array, Array)
#7 C:\openserv\OSPanel\domains\blog\vendor\illuminate\container\Util.php(36): Illuminate\Container\BoundMethod::Illuminate\Container\{closure}()
#8 C:\openserv\OSPanel\domains\blog\vendor\illuminate\container\BoundMethod.php(90): Illuminate\Container\Util::unwrapIfClosure(Object(Closure))
#9 C:\openserv\OSPanel\domains\blog\vendor\illuminate\container\BoundMethod.php(34): Illuminate\Container\BoundMethod::callBoundMethod(Object(Laravel\Lumen\Application), Array, Object(Closure))
#10 C:\openserv\OSPanel\domains\blog\vendor\illuminate\container\Container.php(590): Illuminate\Container\BoundMethod::call(Object(Laravel\Lumen\Application), Array, Array, NULL)
#11 C:\openserv\OSPanel\domains\blog\vendor\laravel\lumen-framework\src\Concerns\RoutesRequests.php(376): Illuminate\Container\Container->call(Array, Array)
#12 C:\openserv\OSPanel\domains\blog\vendor\laravel\lumen-framework\src\Concerns\RoutesRequests.php(361): Laravel\Lumen\Application->callControllerCallable(Array, Array)
#13 [internal function]: Laravel\Lumen\Application->Laravel\Lumen\Concerns\{closure}(Object(Laravel\Lumen\Http\Request))
#14 C:\openserv\OSPanel\domains\blog\vendor\laravel\lumen-framework\src\Routing\Pipeline.php(52): call_user_func(Object(Closure), Object(Laravel\Lumen\Http\Request))
#15 C:\openserv\OSPanel\domains\blog\app\Http\Middleware\Authenticate.php(42): Laravel\Lumen\Routing\Pipeline->Laravel\Lumen\Routing\{closure}(Object(Laravel\Lumen\Http\Request))
#16 C:\openserv\OSPanel\domains\blog\vendor\illuminate\pipeline\Pipeline.php(171): App\Http\Middleware\Authenticate->handle(Object(Laravel\Lumen\Http\Request), Object(Closure))
#17 [internal function]: Illuminate\Pipeline\Pipeline->Illuminate\Pipeline\{closure}(Object(Laravel\Lumen\Http\Request))
#18 C:\openserv\OSPanel\domains\blog\vendor\laravel\lumen-framework\src\Routing\Pipeline.php(32): call_user_func(Object(Closure), Object(Laravel\Lumen\Http\Request))
#19 C:\openserv\OSPanel\domains\blog\vendor\illuminate\pipeline\Pipeline.php(105): Laravel\Lumen\Routing\Pipeline->Laravel\Lumen\Routing\{closure}(Object(Laravel\Lumen\Http\Request))
#20 C:\openserv\OSPanel\domains\blog\vendor\laravel\lumen-framework\src\Concerns\RoutesRequests.php(413): Illuminate\Pipeline\Pipeline->then(Object(Closure))
#21 C:\openserv\OSPanel\domains\blog\vendor\laravel\lumen-framework\src\Concerns\RoutesRequests.php(362): Laravel\Lumen\Application->sendThroughPipeline(Array, Object(Closure))
#22 C:\openserv\OSPanel\domains\blog\vendor\laravel\lumen-framework\src\Concerns\RoutesRequests.php(338): Laravel\Lumen\Application->callLumenControllerWithMiddleware(Object(App\Http\Controllers\StatsController), 'getStatsByUser', Array, Array)
#23 C:\openserv\OSPanel\domains\blog\vendor\laravel\lumen-framework\src\Concerns\RoutesRequests.php(316): Laravel\Lumen\Application->callLumenController(Object(App\Http\Controllers\StatsController), 'getStatsByUser', Array)
#24 C:\openserv\OSPanel\domains\blog\vendor\laravel\lumen-framework\src\Concerns\RoutesRequests.php(278): Laravel\Lumen\Application->callControllerAction(Array)
#25 C:\openserv\OSPanel\domains\blog\vendor\laravel\lumen-framework\src\Concerns\RoutesRequests.php(263): Laravel\Lumen\Application->callActionOnArrayBasedRoute(Array)
#26 C:\openserv\OSPanel\domains\blog\vendor\laravel\lumen-framework\src\Concerns\RoutesRequests.php(165): Laravel\Lumen\Application->handleFoundRoute(Array)
#27 [internal function]: Laravel\Lumen\Application->Laravel\Lumen\Concerns\{closure}(Object(Laravel\Lumen\Http\Request))
#28 C:\openserv\OSPanel\domains\blog\vendor\laravel\lumen-framework\src\Routing\Pipeline.php(52): call_user_func(Object(Closure), Object(Laravel\Lumen\Http\Request))
#29 C:\openserv\OSPanel\domains\blog\app\Http\Middleware\CorsMiddleWare.php(23): Laravel\Lumen\Routing\Pipeline->Laravel\Lumen\Routing\{closure}(Object(Laravel\Lumen\Http\Request))
#30 C:\openserv\OSPanel\domains\blog\vendor\illuminate\pipeline\Pipeline.php(171): App\Http\Middleware\CorsMiddleware->handle(Object(Laravel\Lumen\Http\Request), Object(Closure))
#31 [internal function]: Illuminate\Pipeline\Pipeline->Illuminate\Pipeline\{closure}(Object(Laravel\Lumen\Http\Request))
#32 C:\openserv\OSPanel\domains\blog\vendor\laravel\lumen-framework\src\Routing\Pipeline.php(32): call_user_func(Object(Closure), Object(Laravel\Lumen\Http\Request))
#33 C:\openserv\OSPanel\domains\blog\vendor\illuminate\pipeline\Pipeline.php(105): Laravel\Lumen\Routing\Pipeline->Laravel\Lumen\Routing\{closure}(Object(Laravel\Lumen\Http\Request))
#34 C:\openserv\OSPanel\domains\blog\vendor\laravel\lumen-framework\src\Concerns\RoutesRequests.php(413): Illuminate\Pipeline\Pipeline->then(Object(Closure))
#35 C:\openserv\OSPanel\domains\blog\vendor\laravel\lumen-framework\src\Concerns\RoutesRequests.php(171): Laravel\Lumen\Application->sendThroughPipeline(Array, Object(Closure))
#36 C:\openserv\OSPanel\domains\blog\vendor\laravel\lumen-framework\src\Concerns\RoutesRequests.php(108): Laravel\Lumen\Application->dispatch(NULL)
#37 C:\openserv\OSPanel\domains\blog\public\index.php(28): Laravel\Lumen\Application->run()
#38 {main} {"exception":"[object] (Illuminate\\Database\\QueryException(code: HY000): SQLSTATE[HY000]: General error: 1111 Invalid use of group function (SQL: SELECT type, COUNT(*) as count, JSON_ARRAYAGG(group_concat(id)) as ids FROM completed where user_id = 3 GROUP BY type) at C:\\openserv\\OSPanel\\domains\\blog\\vendor\\illuminate\\database\\Connection.php:669)
[stacktrace]
#0 C:\\openserv\\OSPanel\\domains\\blog\\vendor\\illuminate\\database\\Connection.php(629): Illuminate\\Database\\Connection->runQueryCallback('SELECT type, CO...', Array, Object(Closure))
#1 C:\\openserv\\OSPanel\\domains\\blog\\vendor\\illuminate\\database\\Connection.php(338): Illuminate\\Database\\Connection->run('SELECT type, CO...', Array, Object(Closure))
#2 C:\\openserv\\OSPanel\\domains\\blog\\vendor\\illuminate\\database\\DatabaseManager.php(349): Illuminate\\Database\\Connection->select('SELECT type, CO...', Array)
#3 C:\\openserv\\OSPanel\\domains\\blog\\vendor\\illuminate\\support\\Facades\\Facade.php(261): Illuminate\\Database\\DatabaseManager->__call('select', Array)
#4 C:\\openserv\\OSPanel\\domains\\blog\\app\\Http\\Controllers\\StatsController.php(19): Illuminate\\Support\\Facades\\Facade::__callStatic('select', Array)
#5 [internal function]: App\\Http\\Controllers\\StatsController->getStatsByUser()
#6 C:\\openserv\\OSPanel\\domains\\blog\\vendor\\illuminate\\container\\BoundMethod.php(32): call_user_func_array(Array, Array)
#7 C:\\openserv\\OSPanel\\domains\\blog\\vendor\\illuminate\\container\\Util.php(36): Illuminate\\Container\\BoundMethod::Illuminate\\Container\\{closure}()
#8 C:\\openserv\\OSPanel\\domains\\blog\\vendor\\illuminate\\container\\BoundMethod.php(90): Illuminate\\Container\\Util::unwrapIfClosure(Object(Closure))
#9 C:\\openserv\\OSPanel\\domains\\blog\\vendor\\illuminate\\container\\BoundMethod.php(34): Illuminate\\Container\\BoundMethod::callBoundMethod(Object(Laravel\\Lumen\\Application), Array, Object(Closure))
#10 C:\\openserv\\OSPanel\\domains\\blog\\vendor\\illuminate\\container\\Container.php(590): Illuminate\\Container\\BoundMethod::call(Object(Laravel\\Lumen\\Application), Array, Array, NULL)
#11 C:\\openserv\\OSPanel\\domains\\blog\\vendor\\laravel\\lumen-framework\\src\\Concerns\\RoutesRequests.php(376): Illuminate\\Container\\Container->call(Array, Array)
#12 C:\\openserv\\OSPanel\\domains\\blog\\vendor\\laravel\\lumen-framework\\src\\Concerns\\RoutesRequests.php(361): Laravel\\Lumen\\Application->callControllerCallable(Array, Array)
#13 [internal function]: Laravel\\Lumen\\Application->Laravel\\Lumen\\Concerns\\{closure}(Object(Laravel\\Lumen\\Http\\Request))
#14 C:\\openserv\\OSPanel\\domains\\blog\\vendor\\laravel\\lumen-framework\\src\\Routing\\Pipeline.php(52): call_user_func(Object(Closure), Object(Laravel\\Lumen\\Http\\Request))
#15 C:\\openserv\\OSPanel\\domains\\blog\\app\\Http\\Middleware\\Authenticate.php(42): Laravel\\Lumen\\Routing\\Pipeline->Laravel\\Lumen\\Routing\\{closure}(Object(Laravel\\Lumen\\Http\\Request))
#16 C:\\openserv\\OSPanel\\domains\\blog\\vendor\\illuminate\\pipeline\\Pipeline.php(171): App\\Http\\Middleware\\Authenticate->handle(Object(Laravel\\Lumen\\Http\\Request), Object(Closure))
#17 [internal function]: Illuminate\\Pipeline\\Pipeline->Illuminate\\Pipeline\\{closure}(Object(Laravel\\Lumen\\Http\\Request))
#18 C:\\openserv\\OSPanel\\domains\\blog\\vendor\\laravel\\lumen-framework\\src\\Routing\\Pipeline.php(32): call_user_func(Object(Closure), Object(Laravel\\Lumen\\Http\\Request))
#19 C:\\openserv\\OSPanel\\domains\\blog\\vendor\\illuminate\\pipeline\\Pipeline.php(105): Laravel\\Lumen\\Routing\\Pipeline->Laravel\\Lumen\\Routing\\{closure}(Object(Laravel\\Lumen\\Http\\Request))
#20 C:\\openserv\\OSPanel\\domains\\blog\\vendor\\laravel\\lumen-framework\\src\\Concerns\\RoutesRequests.php(413): Illuminate\\Pipeline\\Pipeline->then(Object(Closure))
#21 C:\\openserv\\OSPanel\\domains\\blog\\vendor\\laravel\\lumen-framework\\src\\Concerns\\RoutesRequests.php(362): Laravel\\Lumen\\Application->sendThroughPipeline(Array, Object(Closure))
#22 C:\\openserv\\OSPanel\\domains\\blog\\vendor\\laravel\\lumen-framework\\src\\Concerns\\RoutesRequests.php(338): Laravel\\Lumen\\Application->callLumenControllerWithMiddleware(Object(App\\Http\\Controllers\\StatsController), 'getStatsByUser', Array, Array)
#23 C:\\openserv\\OSPanel\\domains\\blog\\vendor\\laravel\\lumen-framework\\src\\Concerns\\RoutesRequests.php(316): Laravel\\Lumen\\Application->callLumenController(Object(App\\Http\\Controllers\\StatsController), 'getStatsByUser', Array)
#24 C:\\openserv\\OSPanel\\domains\\blog\\vendor\\laravel\\lumen-framework\\src\\Concerns\\RoutesRequests.php(278): Laravel\\Lumen\\Application->callControllerAction(Array)
#25 C:\\openserv\\OSPanel\\domains\\blog\\vendor\\laravel\\lumen-framework\\src\\Concerns\\RoutesRequests.php(263): Laravel\\Lumen\\Application->callActionOnArrayBasedRoute(Array)
#26 C:\\openserv\\OSPanel\\domains\\blog\\vendor\\laravel\\lumen-framework\\src\\Concerns\\RoutesRequests.php(165): Laravel\\Lumen\\Application->handleFoundRoute(Array)
#27 [internal function]: Laravel\\Lumen\\Application->Laravel\\Lumen\\Concerns\\{closure}(Object(Laravel\\Lumen\\Http\\Request))
#28 C:\\openserv\\OSPanel\\domains\\blog\\vendor\\laravel\\lumen-framework\\src\\Routing\\Pipeline.php(52): call_user_func(Object(Closure), Object(Laravel\\Lumen\\Http\\Request))
#29 C:\\openserv\\OSPanel\\domains\\blog\\app\\Http\\Middleware\\CorsMiddleWare.php(23): Laravel\\Lumen\\Routing\\Pipeline->Laravel\\Lumen\\Routing\\{closure}(Object(Laravel\\Lumen\\Http\\Request))
#30 C:\\openserv\\OSPanel\\domains\\blog\\vendor\\illuminate\\pipeline\\Pipeline.php(171): App\\Http\\Middleware\\CorsMiddleware->handle(Object(Laravel\\Lumen\\Http\\Request), Object(Closure))
#31 [internal function]: Illuminate\\Pipeline\\Pipeline->Illuminate\\Pipeline\\{closure}(Object(Laravel\\Lumen\\Http\\Request))
#32 C:\\openserv\\OSPanel\\domains\\blog\\vendor\\laravel\\lumen-framework\\src\\Routing\\Pipeline.php(32): call_user_func(Object(Closure), Object(Laravel\\Lumen\\Http\\Request))
#33 C:\\openserv\\OSPanel\\domains\\blog\\vendor\\illuminate\\pipeline\\Pipeline.php(105): Laravel\\Lumen\\Routing\\Pipeline->Laravel\\Lumen\\Routing\\{closure}(Object(Laravel\\Lumen\\Http\\Request))
#34 C:\\openserv\\OSPanel\\domains\\blog\\vendor\\laravel\\lumen-framework\\src\\Concerns\\RoutesRequests.php(413): Illuminate\\Pipeline\\Pipeline->then(Object(Closure))
#35 C:\\openserv\\OSPanel\\domains\\blog\\vendor\\laravel\\lumen-framework\\src\\Concerns\\RoutesRequests.php(171): Laravel\\Lumen\\Application->sendThroughPipeline(Array, Object(Closure))
#36 C:\\openserv\\OSPanel\\domains\\blog\\vendor\\laravel\\lumen-framework\\src\\Concerns\\RoutesRequests.php(108): Laravel\\Lumen\\Application->dispatch(NULL)
#37 C:\\openserv\\OSPanel\\domains\\blog\\public\\index.php(28): Laravel\\Lumen\\Application->run()
#38 {main}

[previous exception] [object] (PDOException(code: HY000): SQLSTATE[HY000]: General error: 1111 Invalid use of group function at C:\\openserv\\OSPanel\\domains\\blog\\vendor\\illuminate\\database\\Connection.php:331)
[stacktrace]
#0 C:\\openserv\\OSPanel\\domains\\blog\\vendor\\illuminate\\database\\Connection.php(331): PDO->prepare('SELECT type, CO...')
#1 C:\\openserv\\OSPanel\\domains\\blog\\vendor\\illuminate\\database\\Connection.php(662): Illuminate\\Database\\Connection->Illuminate\\Database\\{closure}('SELECT type, CO...', Array)
#2 C:\\openserv\\OSPanel\\domains\\blog\\vendor\\illuminate\\database\\Connection.php(629): Illuminate\\Database\\Connection->runQueryCallback('SELECT type, CO...', Array, Object(Closure))
#3 C:\\openserv\\OSPanel\\domains\\blog\\vendor\\illuminate\\database\\Connection.php(338): Illuminate\\Database\\Connection->run('SELECT type, CO...', Array, Object(Closure))
#4 C:\\openserv\\OSPanel\\domains\\blog\\vendor\\illuminate\\database\\DatabaseManager.php(349): Illuminate\\Database\\Connection->select('SELECT type, CO...', Array)
#5 C:\\openserv\\OSPanel\\domains\\blog\\vendor\\illuminate\\support\\Facades\\Facade.php(261): Illuminate\\Database\\DatabaseManager->__call('select', Array)
#6 C:\\openserv\\OSPanel\\domains\\blog\\app\\Http\\Controllers\\StatsController.php(19): Illuminate\\Support\\Facades\\Facade::__callStatic('select', Array)
#7 [internal function]: App\\Http\\Controllers\\StatsController->getStatsByUser()
#8 C:\\openserv\\OSPanel\\domains\\blog\\vendor\\illuminate\\container\\BoundMethod.php(32): call_user_func_array(Array, Array)
#9 C:\\openserv\\OSPanel\\domains\\blog\\vendor\\illuminate\\container\\Util.php(36): Illuminate\\Container\\BoundMethod::Illuminate\\Container\\{closure}()
#10 C:\\openserv\\OSPanel\\domains\\blog\\vendor\\illuminate\\container\\BoundMethod.php(90): Illuminate\\Container\\Util::unwrapIfClosure(Object(Closure))
#11 C:\\openserv\\OSPanel\\domains\\blog\\vendor\\illuminate\\container\\BoundMethod.php(34): Illuminate\\Container\\BoundMethod::callBoundMethod(Object(Laravel\\Lumen\\Application), Array, Object(Closure))
#12 C:\\openserv\\OSPanel\\domains\\blog\\vendor\\illuminate\\container\\Container.php(590): Illuminate\\Container\\BoundMethod::call(Object(Laravel\\Lumen\\Application), Array, Array, NULL)
#13 C:\\openserv\\OSPanel\\domains\\blog\\vendor\\laravel\\lumen-framework\\src\\Concerns\\RoutesRequests.php(376): Illuminate\\Container\\Container->call(Array, Array)
#14 C:\\openserv\\OSPanel\\domains\\blog\\vendor\\laravel\\lumen-framework\\src\\Concerns\\RoutesRequests.php(361): Laravel\\Lumen\\Application->callControllerCallable(Array, Array)
#15 [internal function]: Laravel\\Lumen\\Application->Laravel\\Lumen\\Concerns\\{closure}(Object(Laravel\\Lumen\\Http\\Request))
#16 C:\\openserv\\OSPanel\\domains\\blog\\vendor\\laravel\\lumen-framework\\src\\Routing\\Pipeline.php(52): call_user_func(Object(Closure), Object(Laravel\\Lumen\\Http\\Request))
#17 C:\\openserv\\OSPanel\\domains\\blog\\app\\Http\\Middleware\\Authenticate.php(42): Laravel\\Lumen\\Routing\\Pipeline->Laravel\\Lumen\\Routing\\{closure}(Object(Laravel\\Lumen\\Http\\Request))
#18 C:\\openserv\\OSPanel\\domains\\blog\\vendor\\illuminate\\pipeline\\Pipeline.php(171): App\\Http\\Middleware\\Authenticate->handle(Object(Laravel\\Lumen\\Http\\Request), Object(Closure))
#19 [internal function]: Illuminate\\Pipeline\\Pipeline->Illuminate\\Pipeline\\{closure}(Object(Laravel\\Lumen\\Http\\Request))
#20 C:\\openserv\\OSPanel\\domains\\blog\\vendor\\laravel\\lumen-framework\\src\\Routing\\Pipeline.php(32): call_user_func(Object(Closure), Object(Laravel\\Lumen\\Http\\Request))
#21 C:\\openserv\\OSPanel\\domains\\blog\\vendor\\illuminate\\pipeline\\Pipeline.php(105): Laravel\\Lumen\\Routing\\Pipeline->Laravel\\Lumen\\Routing\\{closure}(Object(Laravel\\Lumen\\Http\\Request))
#22 C:\\openserv\\OSPanel\\domains\\blog\\vendor\\laravel\\lumen-framework\\src\\Concerns\\RoutesRequests.php(413): Illuminate\\Pipeline\\Pipeline->then(Object(Closure))
#23 C:\\openserv\\OSPanel\\domains\\blog\\vendor\\laravel\\lumen-framework\\src\\Concerns\\RoutesRequests.php(362): Laravel\\Lumen\\Application->sendThroughPipeline(Array, Object(Closure))
#24 C:\\openserv\\OSPanel\\domains\\blog\\vendor\\laravel\\lumen-framework\\src\\Concerns\\RoutesRequests.php(338): Laravel\\Lumen\\Application->callLumenControllerWithMiddleware(Object(App\\Http\\Controllers\\StatsController), 'getStatsByUser', Array, Array)
#25 C:\\openserv\\OSPanel\\domains\\blog\\vendor\\laravel\\lumen-framework\\src\\Concerns\\RoutesRequests.php(316): Laravel\\Lumen\\Application->callLumenController(Object(App\\Http\\Controllers\\StatsController), 'getStatsByUser', Array)
#26 C:\\openserv\\OSPanel\\domains\\blog\\vendor\\laravel\\lumen-framework\\src\\Concerns\\RoutesRequests.php(278): Laravel\\Lumen\\Application->callControllerAction(Array)
#27 C:\\openserv\\OSPanel\\domains\\blog\\vendor\\laravel\\lumen-framework\\src\\Concerns\\RoutesRequests.php(263): Laravel\\Lumen\\Application->callActionOnArrayBasedRoute(Array)
#28 C:\\openserv\\OSPanel\\domains\\blog\\vendor\\laravel\\lumen-framework\\src\\Concerns\\RoutesRequests.php(165): Laravel\\Lumen\\Application->handleFoundRoute(Array)
#29 [internal function]: Laravel\\Lumen\\Application->Laravel\\Lumen\\Concerns\\{closure}(Object(Laravel\\Lumen\\Http\\Request))
#30 C:\\openserv\\OSPanel\\domains\\blog\\vendor\\laravel\\lumen-framework\\src\\Routing\\Pipeline.php(52): call_user_func(Object(Closure), Object(Laravel\\Lumen\\Http\\Request))
#31 C:\\openserv\\OSPanel\\domains\\blog\\app\\Http\\Middleware\\CorsMiddleWare.php(23): Laravel\\Lumen\\Routing\\Pipeline->Laravel\\Lumen\\Routing\\{closure}(Object(Laravel\\Lumen\\Http\\Request))
#32 C:\\openserv\\OSPanel\\domains\\blog\\vendor\\illuminate\\pipeline\\Pipeline.php(171): App\\Http\\Middleware\\CorsMiddleware->handle(Object(Laravel\\Lumen\\Http\\Request), Object(Closure))
#33 [internal function]: Illuminate\\Pipeline\\Pipeline->Illuminate\\Pipeline\\{closure}(Object(Laravel\\Lumen\\Http\\Request))
#34 C:\\openserv\\OSPanel\\domains\\blog\\vendor\\laravel\\lumen-framework\\src\\Routing\\Pipeline.php(32): call_user_func(Object(Closure), Object(Laravel\\Lumen\\Http\\Request))
#35 C:\\openserv\\OSPanel\\domains\\blog\\vendor\\illuminate\\pipeline\\Pipeline.php(105): Laravel\\Lumen\\Routing\\Pipeline->Laravel\\Lumen\\Routing\\{closure}(Object(Laravel\\Lumen\\Http\\Request))
#36 C:\\openserv\\OSPanel\\domains\\blog\\vendor\\laravel\\lumen-framework\\src\\Concerns\\RoutesRequests.php(413): Illuminate\\Pipeline\\Pipeline->then(Object(Closure))
#37 C:\\openserv\\OSPanel\\domains\\blog\\vendor\\laravel\\lumen-framework\\src\\Concerns\\RoutesRequests.php(171): Laravel\\Lumen\\Application->sendThroughPipeline(Array, Object(Closure))
#38 C:\\openserv\\OSPanel\\domains\\blog\\vendor\\laravel\\lumen-framework\\src\\Concerns\\RoutesRequests.php(108): Laravel\\Lumen\\Application->dispatch(NULL)
#39 C:\\openserv\\OSPanel\\domains\\blog\\public\\index.php(28): Laravel\\Lumen\\Application->run()
#40 {main}
"} 
[2020-02-16 23:47:41] production.ERROR: PDOException: SQLSTATE[HY000] [1045] Access denied for user 'forge'@'localhost' (using password: NO) in C:\openserv\OSPanel\domains\blog\vendor\illuminate\database\Connectors\Connector.php:70
Stack trace:
#0 C:\openserv\OSPanel\domains\blog\vendor\illuminate\database\Connectors\Connector.php(70): PDO->__construct('mysql:host=127....', 'forge', '', Array)
#1 C:\openserv\OSPanel\domains\blog\vendor\illuminate\database\Connectors\Connector.php(46): Illuminate\Database\Connectors\Connector->createPdoConnection('mysql:host=127....', 'forge', '', Array)
#2 C:\openserv\OSPanel\domains\blog\vendor\illuminate\database\Connectors\MySqlConnector.php(24): Illuminate\Database\Connectors\Connector->createConnection('mysql:host=127....', Array, Array)
#3 C:\openserv\OSPanel\domains\blog\vendor\illuminate\database\Connectors\ConnectionFactory.php(182): Illuminate\Database\Connectors\MySqlConnector->connect(Array)
#4 [internal function]: Illuminate\Database\Connectors\ConnectionFactory->Illuminate\Database\Connectors\{closure}()
#5 C:\openserv\OSPanel\domains\blog\vendor\illuminate\database\Connection.php(924): call_user_func(Object(Closure))
#6 C:\openserv\OSPanel\domains\blog\vendor\illuminate\database\Connection.php(959): Illuminate\Database\Connection->getPdo()
#7 C:\openserv\OSPanel\domains\blog\vendor\illuminate\database\Connection.php(404): Illuminate\Database\Connection->getReadPdo()
#8 C:\openserv\OSPanel\domains\blog\vendor\illuminate\database\Connection.php(330): Illuminate\Database\Connection->getPdoForSelect(true)
#9 C:\openserv\OSPanel\domains\blog\vendor\illuminate\database\Connection.php(662): Illuminate\Database\Connection->Illuminate\Database\{closure}('SELECT id, titl...', Array)
#10 C:\openserv\OSPanel\domains\blog\vendor\illuminate\database\Connection.php(629): Illuminate\Database\Connection->runQueryCallback('SELECT id, titl...', Array, Object(Closure))
#11 C:\openserv\OSPanel\domains\blog\vendor\illuminate\database\Connection.php(338): Illuminate\Database\Connection->run('SELECT id, titl...', Array, Object(Closure))
#12 C:\openserv\OSPanel\domains\blog\vendor\illuminate\database\DatabaseManager.php(349): Illuminate\Database\Connection->select('SELECT id, titl...')
#13 C:\openserv\OSPanel\domains\blog\vendor\illuminate\support\Facades\Facade.php(261): Illuminate\Database\DatabaseManager->__call('select', Array)
#14 C:\openserv\OSPanel\domains\blog\app\Http\Controllers\SectionController.php(15): Illuminate\Support\Facades\Facade::__callStatic('select', Array)
#15 [internal function]: App\Http\Controllers\SectionController->getSections()
#16 C:\openserv\OSPanel\domains\blog\vendor\illuminate\container\BoundMethod.php(32): call_user_func_array(Array, Array)
#17 C:\openserv\OSPanel\domains\blog\vendor\illuminate\container\Util.php(36): Illuminate\Container\BoundMethod::Illuminate\Container\{closure}()
#18 C:\openserv\OSPanel\domains\blog\vendor\illuminate\container\BoundMethod.php(90): Illuminate\Container\Util::unwrapIfClosure(Object(Closure))
#19 C:\openserv\OSPanel\domains\blog\vendor\illuminate\container\BoundMethod.php(34): Illuminate\Container\BoundMethod::callBoundMethod(Object(Laravel\Lumen\Application), Array, Object(Closure))
#20 C:\openserv\OSPanel\domains\blog\vendor\illuminate\container\Container.php(590): Illuminate\Container\BoundMethod::call(Object(Laravel\Lumen\Application), Array, Array, NULL)
#21 C:\openserv\OSPanel\domains\blog\vendor\laravel\lumen-framework\src\Concerns\RoutesRequests.php(376): Illuminate\Container\Container->call(Array, Array)
#22 C:\openserv\OSPanel\domains\blog\vendor\laravel\lumen-framework\src\Concerns\RoutesRequests.php(361): Laravel\Lumen\Application->callControllerCallable(Array, Array)
#23 [internal function]: Laravel\Lumen\Application->Laravel\Lumen\Concerns\{closure}(Object(Laravel\Lumen\Http\Request))
#24 C:\openserv\OSPanel\domains\blog\vendor\laravel\lumen-framework\src\Routing\Pipeline.php(52): call_user_func(Object(Closure), Object(Laravel\Lumen\Http\Request))
#25 C:\openserv\OSPanel\domains\blog\app\Http\Middleware\Authenticate.php(42): Laravel\Lumen\Routing\Pipeline->Laravel\Lumen\Routing\{closure}(Object(Laravel\Lumen\Http\Request))
#26 C:\openserv\OSPanel\domains\blog\vendor\illuminate\pipeline\Pipeline.php(171): App\Http\Middleware\Authenticate->handle(Object(Laravel\Lumen\Http\Request), Object(Closure))
#27 [internal function]: Illuminate\Pipeline\Pipeline->Illuminate\Pipeline\{closure}(Object(Laravel\Lumen\Http\Request))
#28 C:\openserv\OSPanel\domains\blog\vendor\laravel\lumen-framework\src\Routing\Pipeline.php(32): call_user_func(Object(Closure), Object(Laravel\Lumen\Http\Request))
#29 C:\openserv\OSPanel\domains\blog\vendor\illuminate\pipeline\Pipeline.php(105): Laravel\Lumen\Routing\Pipeline->Laravel\Lumen\Routing\{closure}(Object(Laravel\Lumen\Http\Request))
#30 C:\openserv\OSPanel\domains\blog\vendor\laravel\lumen-framework\src\Concerns\RoutesRequests.php(413): Illuminate\Pipeline\Pipeline->then(Object(Closure))
#31 C:\openserv\OSPanel\domains\blog\vendor\laravel\lumen-framework\src\Concerns\RoutesRequests.php(362): Laravel\Lumen\Application->sendThroughPipeline(Array, Object(Closure))
#32 C:\openserv\OSPanel\domains\blog\vendor\laravel\lumen-framework\src\Concerns\RoutesRequests.php(338): Laravel\Lumen\Application->callLumenControllerWithMiddleware(Object(App\Http\Controllers\SectionController), 'getSections', Array, Array)
#33 C:\openserv\OSPanel\domains\blog\vendor\laravel\lumen-framework\src\Concerns\RoutesRequests.php(316): Laravel\Lumen\Application->callLumenController(Object(App\Http\Controllers\SectionController), 'getSections', Array)
#34 C:\openserv\OSPanel\domains\blog\vendor\laravel\lumen-framework\src\Concerns\RoutesRequests.php(278): Laravel\Lumen\Application->callControllerAction(Array)
#35 C:\openserv\OSPanel\domains\blog\vendor\laravel\lumen-framework\src\Concerns\RoutesRequests.php(263): Laravel\Lumen\Application->callActionOnArrayBasedRoute(Array)
#36 C:\openserv\OSPanel\domains\blog\vendor\laravel\lumen-framework\src\Concerns\RoutesRequests.php(165): Laravel\Lumen\Application->handleFoundRoute(Array)
#37 [internal function]: Laravel\Lumen\Application->Laravel\Lumen\Concerns\{closure}(Object(Laravel\Lumen\Http\Request))
#38 C:\openserv\OSPanel\domains\blog\vendor\laravel\lumen-framework\src\Routing\Pipeline.php(52): call_user_func(Object(Closure), Object(Laravel\Lumen\Http\Request))
#39 C:\openserv\OSPanel\domains\blog\app\Http\Middleware\CorsMiddleWare.php(23): Laravel\Lumen\Routing\Pipeline->Laravel\Lumen\Routing\{closure}(Object(Laravel\Lumen\Http\Request))
#40 C:\openserv\OSPanel\domains\blog\vendor\illuminate\pipeline\Pipeline.php(171): App\Http\Middleware\CorsMiddleware->handle(Object(Laravel\Lumen\Http\Request), Object(Closure))
#41 [internal function]: Illuminate\Pipeline\Pipeline->Illuminate\Pipeline\{closure}(Object(Laravel\Lumen\Http\Request))
#42 C:\openserv\OSPanel\domains\blog\vendor\laravel\lumen-framework\src\Routing\Pipeline.php(32): call_user_func(Object(Closure), Object(Laravel\Lumen\Http\Request))
#43 C:\openserv\OSPanel\domains\blog\vendor\illuminate\pipeline\Pipeline.php(105): Laravel\Lumen\Routing\Pipeline->Laravel\Lumen\Routing\{closure}(Object(Laravel\Lumen\Http\Request))
#44 C:\openserv\OSPanel\domains\blog\vendor\laravel\lumen-framework\src\Concerns\RoutesRequests.php(413): Illuminate\Pipeline\Pipeline->then(Object(Closure))
#45 C:\openserv\OSPanel\domains\blog\vendor\laravel\lumen-framework\src\Concerns\RoutesRequests.php(171): Laravel\Lumen\Application->sendThroughPipeline(Array, Object(Closure))
#46 C:\openserv\OSPanel\domains\blog\vendor\laravel\lumen-framework\src\Concerns\RoutesRequests.php(108): Laravel\Lumen\Application->dispatch(NULL)
#47 C:\openserv\OSPanel\domains\blog\public\index.php(28): Laravel\Lumen\Application->run()
#48 {main}

Next Illuminate\Database\QueryException: SQLSTATE[HY000] [1045] Access denied for user 'forge'@'localhost' (using password: NO) (SQL: SELECT id, title FROM sections) in C:\openserv\OSPanel\domains\blog\vendor\illuminate\database\Connection.php:669
Stack trace:
#0 C:\openserv\OSPanel\domains\blog\vendor\illuminate\database\Connection.php(629): Illuminate\Database\Connection->runQueryCallback('SELECT id, titl...', Array, Object(Closure))
#1 C:\openserv\OSPanel\domains\blog\vendor\illuminate\database\Connection.php(338): Illuminate\Database\Connection->run('SELECT id, titl...', Array, Object(Closure))
#2 C:\openserv\OSPanel\domains\blog\vendor\illuminate\database\DatabaseManager.php(349): Illuminate\Database\Connection->select('SELECT id, titl...')
#3 C:\openserv\OSPanel\domains\blog\vendor\illuminate\support\Facades\Facade.php(261): Illuminate\Database\DatabaseManager->__call('select', Array)
#4 C:\openserv\OSPanel\domains\blog\app\Http\Controllers\SectionController.php(15): Illuminate\Support\Facades\Facade::__callStatic('select', Array)
#5 [internal function]: App\Http\Controllers\SectionController->getSections()
#6 C:\openserv\OSPanel\domains\blog\vendor\illuminate\container\BoundMethod.php(32): call_user_func_array(Array, Array)
#7 C:\openserv\OSPanel\domains\blog\vendor\illuminate\container\Util.php(36): Illuminate\Container\BoundMethod::Illuminate\Container\{closure}()
#8 C:\openserv\OSPanel\domains\blog\vendor\illuminate\container\BoundMethod.php(90): Illuminate\Container\Util::unwrapIfClosure(Object(Closure))
#9 C:\openserv\OSPanel\domains\blog\vendor\illuminate\container\BoundMethod.php(34): Illuminate\Container\BoundMethod::callBoundMethod(Object(Laravel\Lumen\Application), Array, Object(Closure))
#10 C:\openserv\OSPanel\domains\blog\vendor\illuminate\container\Container.php(590): Illuminate\Container\BoundMethod::call(Object(Laravel\Lumen\Application), Array, Array, NULL)
#11 C:\openserv\OSPanel\domains\blog\vendor\laravel\lumen-framework\src\Concerns\RoutesRequests.php(376): Illuminate\Container\Container->call(Array, Array)
#12 C:\openserv\OSPanel\domains\blog\vendor\laravel\lumen-framework\src\Concerns\RoutesRequests.php(361): Laravel\Lumen\Application->callControllerCallable(Array, Array)
#13 [internal function]: Laravel\Lumen\Application->Laravel\Lumen\Concerns\{closure}(Object(Laravel\Lumen\Http\Request))
#14 C:\openserv\OSPanel\domains\blog\vendor\laravel\lumen-framework\src\Routing\Pipeline.php(52): call_user_func(Object(Closure), Object(Laravel\Lumen\Http\Request))
#15 C:\openserv\OSPanel\domains\blog\app\Http\Middleware\Authenticate.php(42): Laravel\Lumen\Routing\Pipeline->Laravel\Lumen\Routing\{closure}(Object(Laravel\Lumen\Http\Request))
#16 C:\openserv\OSPanel\domains\blog\vendor\illuminate\pipeline\Pipeline.php(171): App\Http\Middleware\Authenticate->handle(Object(Laravel\Lumen\Http\Request), Object(Closure))
#17 [internal function]: Illuminate\Pipeline\Pipeline->Illuminate\Pipeline\{closure}(Object(Laravel\Lumen\Http\Request))
#18 C:\openserv\OSPanel\domains\blog\vendor\laravel\lumen-framework\src\Routing\Pipeline.php(32): call_user_func(Object(Closure), Object(Laravel\Lumen\Http\Request))
#19 C:\openserv\OSPanel\domains\blog\vendor\illuminate\pipeline\Pipeline.php(105): Laravel\Lumen\Routing\Pipeline->Laravel\Lumen\Routing\{closure}(Object(Laravel\Lumen\Http\Request))
#20 C:\openserv\OSPanel\domains\blog\vendor\laravel\lumen-framework\src\Concerns\RoutesRequests.php(413): Illuminate\Pipeline\Pipeline->then(Object(Closure))
#21 C:\openserv\OSPanel\domains\blog\vendor\laravel\lumen-framework\src\Concerns\RoutesRequests.php(362): Laravel\Lumen\Application->sendThroughPipeline(Array, Object(Closure))
#22 C:\openserv\OSPanel\domains\blog\vendor\laravel\lumen-framework\src\Concerns\RoutesRequests.php(338): Laravel\Lumen\Application->callLumenControllerWithMiddleware(Object(App\Http\Controllers\SectionController), 'getSections', Array, Array)
#23 C:\openserv\OSPanel\domains\blog\vendor\laravel\lumen-framework\src\Concerns\RoutesRequests.php(316): Laravel\Lumen\Application->callLumenController(Object(App\Http\Controllers\SectionController), 'getSections', Array)
#24 C:\openserv\OSPanel\domains\blog\vendor\laravel\lumen-framework\src\Concerns\RoutesRequests.php(278): Laravel\Lumen\Application->callControllerAction(Array)
#25 C:\openserv\OSPanel\domains\blog\vendor\laravel\lumen-framework\src\Concerns\RoutesRequests.php(263): Laravel\Lumen\Application->callActionOnArrayBasedRoute(Array)
#26 C:\openserv\OSPanel\domains\blog\vendor\laravel\lumen-framework\src\Concerns\RoutesRequests.php(165): Laravel\Lumen\Application->handleFoundRoute(Array)
#27 [internal function]: Laravel\Lumen\Application->Laravel\Lumen\Concerns\{closure}(Object(Laravel\Lumen\Http\Request))
#28 C:\openserv\OSPanel\domains\blog\vendor\laravel\lumen-framework\src\Routing\Pipeline.php(52): call_user_func(Object(Closure), Object(Laravel\Lumen\Http\Request))
#29 C:\openserv\OSPanel\domains\blog\app\Http\Middleware\CorsMiddleWare.php(23): Laravel\Lumen\Routing\Pipeline->Laravel\Lumen\Routing\{closure}(Object(Laravel\Lumen\Http\Request))
#30 C:\openserv\OSPanel\domains\blog\vendor\illuminate\pipeline\Pipeline.php(171): App\Http\Middleware\CorsMiddleware->handle(Object(Laravel\Lumen\Http\Request), Object(Closure))
#31 [internal function]: Illuminate\Pipeline\Pipeline->Illuminate\Pipeline\{closure}(Object(Laravel\Lumen\Http\Request))
#32 C:\openserv\OSPanel\domains\blog\vendor\laravel\lumen-framework\src\Routing\Pipeline.php(32): call_user_func(Object(Closure), Object(Laravel\Lumen\Http\Request))
#33 C:\openserv\OSPanel\domains\blog\vendor\illuminate\pipeline\Pipeline.php(105): Laravel\Lumen\Routing\Pipeline->Laravel\Lumen\Routing\{closure}(Object(Laravel\Lumen\Http\Request))
#34 C:\openserv\OSPanel\domains\blog\vendor\laravel\lumen-framework\src\Concerns\RoutesRequests.php(413): Illuminate\Pipeline\Pipeline->then(Object(Closure))
#35 C:\openserv\OSPanel\domains\blog\vendor\laravel\lumen-framework\src\Concerns\RoutesRequests.php(171): Laravel\Lumen\Application->sendThroughPipeline(Array, Object(Closure))
#36 C:\openserv\OSPanel\domains\blog\vendor\laravel\lumen-framework\src\Concerns\RoutesRequests.php(108): Laravel\Lumen\Application->dispatch(NULL)
#37 C:\openserv\OSPanel\domains\blog\public\index.php(28): Laravel\Lumen\Application->run()
#38 {main} {"exception":"[object] (Illuminate\\Database\\QueryException(code: 1045): SQLSTATE[HY000] [1045] Access denied for user 'forge'@'localhost' (using password: NO) (SQL: SELECT id, title FROM sections) at C:\\openserv\\OSPanel\\domains\\blog\\vendor\\illuminate\\database\\Connection.php:669)
[stacktrace]
#0 C:\\openserv\\OSPanel\\domains\\blog\\vendor\\illuminate\\database\\Connection.php(629): Illuminate\\Database\\Connection->runQueryCallback('SELECT id, titl...', Array, Object(Closure))
#1 C:\\openserv\\OSPanel\\domains\\blog\\vendor\\illuminate\\database\\Connection.php(338): Illuminate\\Database\\Connection->run('SELECT id, titl...', Array, Object(Closure))
#2 C:\\openserv\\OSPanel\\domains\\blog\\vendor\\illuminate\\database\\DatabaseManager.php(349): Illuminate\\Database\\Connection->select('SELECT id, titl...')
#3 C:\\openserv\\OSPanel\\domains\\blog\\vendor\\illuminate\\support\\Facades\\Facade.php(261): Illuminate\\Database\\DatabaseManager->__call('select', Array)
#4 C:\\openserv\\OSPanel\\domains\\blog\\app\\Http\\Controllers\\SectionController.php(15): Illuminate\\Support\\Facades\\Facade::__callStatic('select', Array)
#5 [internal function]: App\\Http\\Controllers\\SectionController->getSections()
#6 C:\\openserv\\OSPanel\\domains\\blog\\vendor\\illuminate\\container\\BoundMethod.php(32): call_user_func_array(Array, Array)
#7 C:\\openserv\\OSPanel\\domains\\blog\\vendor\\illuminate\\container\\Util.php(36): Illuminate\\Container\\BoundMethod::Illuminate\\Container\\{closure}()
#8 C:\\openserv\\OSPanel\\domains\\blog\\vendor\\illuminate\\container\\BoundMethod.php(90): Illuminate\\Container\\Util::unwrapIfClosure(Object(Closure))
#9 C:\\openserv\\OSPanel\\domains\\blog\\vendor\\illuminate\\container\\BoundMethod.php(34): Illuminate\\Container\\BoundMethod::callBoundMethod(Object(Laravel\\Lumen\\Application), Array, Object(Closure))
#10 C:\\openserv\\OSPanel\\domains\\blog\\vendor\\illuminate\\container\\Container.php(590): Illuminate\\Container\\BoundMethod::call(Object(Laravel\\Lumen\\Application), Array, Array, NULL)
#11 C:\\openserv\\OSPanel\\domains\\blog\\vendor\\laravel\\lumen-framework\\src\\Concerns\\RoutesRequests.php(376): Illuminate\\Container\\Container->call(Array, Array)
#12 C:\\openserv\\OSPanel\\domains\\blog\\vendor\\laravel\\lumen-framework\\src\\Concerns\\RoutesRequests.php(361): Laravel\\Lumen\\Application->callControllerCallable(Array, Array)
#13 [internal function]: Laravel\\Lumen\\Application->Laravel\\Lumen\\Concerns\\{closure}(Object(Laravel\\Lumen\\Http\\Request))
#14 C:\\openserv\\OSPanel\\domains\\blog\\vendor\\laravel\\lumen-framework\\src\\Routing\\Pipeline.php(52): call_user_func(Object(Closure), Object(Laravel\\Lumen\\Http\\Request))
#15 C:\\openserv\\OSPanel\\domains\\blog\\app\\Http\\Middleware\\Authenticate.php(42): Laravel\\Lumen\\Routing\\Pipeline->Laravel\\Lumen\\Routing\\{closure}(Object(Laravel\\Lumen\\Http\\Request))
#16 C:\\openserv\\OSPanel\\domains\\blog\\vendor\\illuminate\\pipeline\\Pipeline.php(171): App\\Http\\Middleware\\Authenticate->handle(Object(Laravel\\Lumen\\Http\\Request), Object(Closure))
#17 [internal function]: Illuminate\\Pipeline\\Pipeline->Illuminate\\Pipeline\\{closure}(Object(Laravel\\Lumen\\Http\\Request))
#18 C:\\openserv\\OSPanel\\domains\\blog\\vendor\\laravel\\lumen-framework\\src\\Routing\\Pipeline.php(32): call_user_func(Object(Closure), Object(Laravel\\Lumen\\Http\\Request))
#19 C:\\openserv\\OSPanel\\domains\\blog\\vendor\\illuminate\\pipeline\\Pipeline.php(105): Laravel\\Lumen\\Routing\\Pipeline->Laravel\\Lumen\\Routing\\{closure}(Object(Laravel\\Lumen\\Http\\Request))
#20 C:\\openserv\\OSPanel\\domains\\blog\\vendor\\laravel\\lumen-framework\\src\\Concerns\\RoutesRequests.php(413): Illuminate\\Pipeline\\Pipeline->then(Object(Closure))
#21 C:\\openserv\\OSPanel\\domains\\blog\\vendor\\laravel\\lumen-framework\\src\\Concerns\\RoutesRequests.php(362): Laravel\\Lumen\\Application->sendThroughPipeline(Array, Object(Closure))
#22 C:\\openserv\\OSPanel\\domains\\blog\\vendor\\laravel\\lumen-framework\\src\\Concerns\\RoutesRequests.php(338): Laravel\\Lumen\\Application->callLumenControllerWithMiddleware(Object(App\\Http\\Controllers\\SectionController), 'getSections', Array, Array)
#23 C:\\openserv\\OSPanel\\domains\\blog\\vendor\\laravel\\lumen-framework\\src\\Concerns\\RoutesRequests.php(316): Laravel\\Lumen\\Application->callLumenController(Object(App\\Http\\Controllers\\SectionController), 'getSections', Array)
#24 C:\\openserv\\OSPanel\\domains\\blog\\vendor\\laravel\\lumen-framework\\src\\Concerns\\RoutesRequests.php(278): Laravel\\Lumen\\Application->callControllerAction(Array)
#25 C:\\openserv\\OSPanel\\domains\\blog\\vendor\\laravel\\lumen-framework\\src\\Concerns\\RoutesRequests.php(263): Laravel\\Lumen\\Application->callActionOnArrayBasedRoute(Array)
#26 C:\\openserv\\OSPanel\\domains\\blog\\vendor\\laravel\\lumen-framework\\src\\Concerns\\RoutesRequests.php(165): Laravel\\Lumen\\Application->handleFoundRoute(Array)
#27 [internal function]: Laravel\\Lumen\\Application->Laravel\\Lumen\\Concerns\\{closure}(Object(Laravel\\Lumen\\Http\\Request))
#28 C:\\openserv\\OSPanel\\domains\\blog\\vendor\\laravel\\lumen-framework\\src\\Routing\\Pipeline.php(52): call_user_func(Object(Closure), Object(Laravel\\Lumen\\Http\\Request))
#29 C:\\openserv\\OSPanel\\domains\\blog\\app\\Http\\Middleware\\CorsMiddleWare.php(23): Laravel\\Lumen\\Routing\\Pipeline->Laravel\\Lumen\\Routing\\{closure}(Object(Laravel\\Lumen\\Http\\Request))
#30 C:\\openserv\\OSPanel\\domains\\blog\\vendor\\illuminate\\pipeline\\Pipeline.php(171): App\\Http\\Middleware\\CorsMiddleware->handle(Object(Laravel\\Lumen\\Http\\Request), Object(Closure))
#31 [internal function]: Illuminate\\Pipeline\\Pipeline->Illuminate\\Pipeline\\{closure}(Object(Laravel\\Lumen\\Http\\Request))
#32 C:\\openserv\\OSPanel\\domains\\blog\\vendor\\laravel\\lumen-framework\\src\\Routing\\Pipeline.php(32): call_user_func(Object(Closure), Object(Laravel\\Lumen\\Http\\Request))
#33 C:\\openserv\\OSPanel\\domains\\blog\\vendor\\illuminate\\pipeline\\Pipeline.php(105): Laravel\\Lumen\\Routing\\Pipeline->Laravel\\Lumen\\Routing\\{closure}(Object(Laravel\\Lumen\\Http\\Request))
#34 C:\\openserv\\OSPanel\\domains\\blog\\vendor\\laravel\\lumen-framework\\src\\Concerns\\RoutesRequests.php(413): Illuminate\\Pipeline\\Pipeline->then(Object(Closure))
#35 C:\\openserv\\OSPanel\\domains\\blog\\vendor\\laravel\\lumen-framework\\src\\Concerns\\RoutesRequests.php(171): Laravel\\Lumen\\Application->sendThroughPipeline(Array, Object(Closure))
#36 C:\\openserv\\OSPanel\\domains\\blog\\vendor\\laravel\\lumen-framework\\src\\Concerns\\RoutesRequests.php(108): Laravel\\Lumen\\Application->dispatch(NULL)
#37 C:\\openserv\\OSPanel\\domains\\blog\\public\\index.php(28): Laravel\\Lumen\\Application->run()
#38 {main}

[previous exception] [object] (PDOException(code: 1045): SQLSTATE[HY000] [1045] Access denied for user 'forge'@'localhost' (using password: NO) at C:\\openserv\\OSPanel\\domains\\blog\\vendor\\illuminate\\database\\Connectors\\Connector.php:70)
[stacktrace]
#0 C:\\openserv\\OSPanel\\domains\\blog\\vendor\\illuminate\\database\\Connectors\\Connector.php(70): PDO->__construct('mysql:host=127....', 'forge', '', Array)
#1 C:\\openserv\\OSPanel\\domains\\blog\\vendor\\illuminate\\database\\Connectors\\Connector.php(46): Illuminate\\Database\\Connectors\\Connector->createPdoConnection('mysql:host=127....', 'forge', '', Array)
#2 C:\\openserv\\OSPanel\\domains\\blog\\vendor\\illuminate\\database\\Connectors\\MySqlConnector.php(24): Illuminate\\Database\\Connectors\\Connector->createConnection('mysql:host=127....', Array, Array)
#3 C:\\openserv\\OSPanel\\domains\\blog\\vendor\\illuminate\\database\\Connectors\\ConnectionFactory.php(182): Illuminate\\Database\\Connectors\\MySqlConnector->connect(Array)
#4 [internal function]: Illuminate\\Database\\Connectors\\ConnectionFactory->Illuminate\\Database\\Connectors\\{closure}()
#5 C:\\openserv\\OSPanel\\domains\\blog\\vendor\\illuminate\\database\\Connection.php(924): call_user_func(Object(Closure))
#6 C:\\openserv\\OSPanel\\domains\\blog\\vendor\\illuminate\\database\\Connection.php(959): Illuminate\\Database\\Connection->getPdo()
#7 C:\\openserv\\OSPanel\\domains\\blog\\vendor\\illuminate\\database\\Connection.php(404): Illuminate\\Database\\Connection->getReadPdo()
#8 C:\\openserv\\OSPanel\\domains\\blog\\vendor\\illuminate\\database\\Connection.php(330): Illuminate\\Database\\Connection->getPdoForSelect(true)
#9 C:\\openserv\\OSPanel\\domains\\blog\\vendor\\illuminate\\database\\Connection.php(662): Illuminate\\Database\\Connection->Illuminate\\Database\\{closure}('SELECT id, titl...', Array)
#10 C:\\openserv\\OSPanel\\domains\\blog\\vendor\\illuminate\\database\\Connection.php(629): Illuminate\\Database\\Connection->runQueryCallback('SELECT id, titl...', Array, Object(Closure))
#11 C:\\openserv\\OSPanel\\domains\\blog\\vendor\\illuminate\\database\\Connection.php(338): Illuminate\\Database\\Connection->run('SELECT id, titl...', Array, Object(Closure))
#12 C:\\openserv\\OSPanel\\domains\\blog\\vendor\\illuminate\\database\\DatabaseManager.php(349): Illuminate\\Database\\Connection->select('SELECT id, titl...')
#13 C:\\openserv\\OSPanel\\domains\\blog\\vendor\\illuminate\\support\\Facades\\Facade.php(261): Illuminate\\Database\\DatabaseManager->__call('select', Array)
#14 C:\\openserv\\OSPanel\\domains\\blog\\app\\Http\\Controllers\\SectionController.php(15): Illuminate\\Support\\Facades\\Facade::__callStatic('select', Array)
#15 [internal function]: App\\Http\\Controllers\\SectionController->getSections()
#16 C:\\openserv\\OSPanel\\domains\\blog\\vendor\\illuminate\\container\\BoundMethod.php(32): call_user_func_array(Array, Array)
#17 C:\\openserv\\OSPanel\\domains\\blog\\vendor\\illuminate\\container\\Util.php(36): Illuminate\\Container\\BoundMethod::Illuminate\\Container\\{closure}()
#18 C:\\openserv\\OSPanel\\domains\\blog\\vendor\\illuminate\\container\\BoundMethod.php(90): Illuminate\\Container\\Util::unwrapIfClosure(Object(Closure))
#19 C:\\openserv\\OSPanel\\domains\\blog\\vendor\\illuminate\\container\\BoundMethod.php(34): Illuminate\\Container\\BoundMethod::callBoundMethod(Object(Laravel\\Lumen\\Application), Array, Object(Closure))
#20 C:\\openserv\\OSPanel\\domains\\blog\\vendor\\illuminate\\container\\Container.php(590): Illuminate\\Container\\BoundMethod::call(Object(Laravel\\Lumen\\Application), Array, Array, NULL)
#21 C:\\openserv\\OSPanel\\domains\\blog\\vendor\\laravel\\lumen-framework\\src\\Concerns\\RoutesRequests.php(376): Illuminate\\Container\\Container->call(Array, Array)
#22 C:\\openserv\\OSPanel\\domains\\blog\\vendor\\laravel\\lumen-framework\\src\\Concerns\\RoutesRequests.php(361): Laravel\\Lumen\\Application->callControllerCallable(Array, Array)
#23 [internal function]: Laravel\\Lumen\\Application->Laravel\\Lumen\\Concerns\\{closure}(Object(Laravel\\Lumen\\Http\\Request))
#24 C:\\openserv\\OSPanel\\domains\\blog\\vendor\\laravel\\lumen-framework\\src\\Routing\\Pipeline.php(52): call_user_func(Object(Closure), Object(Laravel\\Lumen\\Http\\Request))
#25 C:\\openserv\\OSPanel\\domains\\blog\\app\\Http\\Middleware\\Authenticate.php(42): Laravel\\Lumen\\Routing\\Pipeline->Laravel\\Lumen\\Routing\\{closure}(Object(Laravel\\Lumen\\Http\\Request))
#26 C:\\openserv\\OSPanel\\domains\\blog\\vendor\\illuminate\\pipeline\\Pipeline.php(171): App\\Http\\Middleware\\Authenticate->handle(Object(Laravel\\Lumen\\Http\\Request), Object(Closure))
#27 [internal function]: Illuminate\\Pipeline\\Pipeline->Illuminate\\Pipeline\\{closure}(Object(Laravel\\Lumen\\Http\\Request))
#28 C:\\openserv\\OSPanel\\domains\\blog\\vendor\\laravel\\lumen-framework\\src\\Routing\\Pipeline.php(32): call_user_func(Object(Closure), Object(Laravel\\Lumen\\Http\\Request))
#29 C:\\openserv\\OSPanel\\domains\\blog\\vendor\\illuminate\\pipeline\\Pipeline.php(105): Laravel\\Lumen\\Routing\\Pipeline->Laravel\\Lumen\\Routing\\{closure}(Object(Laravel\\Lumen\\Http\\Request))
#30 C:\\openserv\\OSPanel\\domains\\blog\\vendor\\laravel\\lumen-framework\\src\\Concerns\\RoutesRequests.php(413): Illuminate\\Pipeline\\Pipeline->then(Object(Closure))
#31 C:\\openserv\\OSPanel\\domains\\blog\\vendor\\laravel\\lumen-framework\\src\\Concerns\\RoutesRequests.php(362): Laravel\\Lumen\\Application->sendThroughPipeline(Array, Object(Closure))
#32 C:\\openserv\\OSPanel\\domains\\blog\\vendor\\laravel\\lumen-framework\\src\\Concerns\\RoutesRequests.php(338): Laravel\\Lumen\\Application->callLumenControllerWithMiddleware(Object(App\\Http\\Controllers\\SectionController), 'getSections', Array, Array)
#33 C:\\openserv\\OSPanel\\domains\\blog\\vendor\\laravel\\lumen-framework\\src\\Concerns\\RoutesRequests.php(316): Laravel\\Lumen\\Application->callLumenController(Object(App\\Http\\Controllers\\SectionController), 'getSections', Array)
#34 C:\\openserv\\OSPanel\\domains\\blog\\vendor\\laravel\\lumen-framework\\src\\Concerns\\RoutesRequests.php(278): Laravel\\Lumen\\Application->callControllerAction(Array)
#35 C:\\openserv\\OSPanel\\domains\\blog\\vendor\\laravel\\lumen-framework\\src\\Concerns\\RoutesRequests.php(263): Laravel\\Lumen\\Application->callActionOnArrayBasedRoute(Array)
#36 C:\\openserv\\OSPanel\\domains\\blog\\vendor\\laravel\\lumen-framework\\src\\Concerns\\RoutesRequests.php(165): Laravel\\Lumen\\Application->handleFoundRoute(Array)
#37 [internal function]: Laravel\\Lumen\\Application->Laravel\\Lumen\\Concerns\\{closure}(Object(Laravel\\Lumen\\Http\\Request))
#38 C:\\openserv\\OSPanel\\domains\\blog\\vendor\\laravel\\lumen-framework\\src\\Routing\\Pipeline.php(52): call_user_func(Object(Closure), Object(Laravel\\Lumen\\Http\\Request))
#39 C:\\openserv\\OSPanel\\domains\\blog\\app\\Http\\Middleware\\CorsMiddleWare.php(23): Laravel\\Lumen\\Routing\\Pipeline->Laravel\\Lumen\\Routing\\{closure}(Object(Laravel\\Lumen\\Http\\Request))
#40 C:\\openserv\\OSPanel\\domains\\blog\\vendor\\illuminate\\pipeline\\Pipeline.php(171): App\\Http\\Middleware\\CorsMiddleware->handle(Object(Laravel\\Lumen\\Http\\Request), Object(Closure))
#41 [internal function]: Illuminate\\Pipeline\\Pipeline->Illuminate\\Pipeline\\{closure}(Object(Laravel\\Lumen\\Http\\Request))
#42 C:\\openserv\\OSPanel\\domains\\blog\\vendor\\laravel\\lumen-framework\\src\\Routing\\Pipeline.php(32): call_user_func(Object(Closure), Object(Laravel\\Lumen\\Http\\Request))
#43 C:\\openserv\\OSPanel\\domains\\blog\\vendor\\illuminate\\pipeline\\Pipeline.php(105): Laravel\\Lumen\\Routing\\Pipeline->Laravel\\Lumen\\Routing\\{closure}(Object(Laravel\\Lumen\\Http\\Request))
#44 C:\\openserv\\OSPanel\\domains\\blog\\vendor\\laravel\\lumen-framework\\src\\Concerns\\RoutesRequests.php(413): Illuminate\\Pipeline\\Pipeline->then(Object(Closure))
#45 C:\\openserv\\OSPanel\\domains\\blog\\vendor\\laravel\\lumen-framework\\src\\Concerns\\RoutesRequests.php(171): Laravel\\Lumen\\Application->sendThroughPipeline(Array, Object(Closure))
#46 C:\\openserv\\OSPanel\\domains\\blog\\vendor\\laravel\\lumen-framework\\src\\Concerns\\RoutesRequests.php(108): Laravel\\Lumen\\Application->dispatch(NULL)
#47 C:\\openserv\\OSPanel\\domains\\blog\\public\\index.php(28): Laravel\\Lumen\\Application->run()
#48 {main}
"} 
